<?xml version="1.0" encoding="UTF-8"?>
<Site BuildName="(empty)"
	BuildStamp="20251225-1038-Experimental"
	Name="(empty)"
	Generator="ctest-3.28.3"
	CompilerName=""
	CompilerVersion=""
	OSName="Linux"
	Hostname="codespaces-b80f80"
	OSRelease="6.8.0-1030-azure"
	OSVersion="#35~22.04.1-Ubuntu SMP Mon May 26 18:08:30 UTC 2025"
	OSPlatform="x86_64"
	Is64Bits="1"
	VendorString="GenuineIntel"
	VendorID="Intel Corporation"
	FamilyID="6"
	ModelID="106"
	ProcessorCacheSize="49152"
	NumberOfLogicalCPU="2"
	NumberOfPhysicalCPU="1"
	TotalVirtualMemory="0"
	TotalPhysicalMemory="7943"
	LogicalProcessorsPerPhysical="2"
	ProcessorClockFrequency="3399.66"
	>
	<Testing>
		<StartDateTime>Dec 25 10:38 UTC</StartDateTime>
		<StartTestTime>1766659139</StartTestTime>
		<TestList/>
		<EndDateTime>Dec 25 10:38 UTC</EndDateTime>
		<EndTestTime>1766659139</EndTestTime>
		<ElapsedMinutes>0</ElapsedMinutes>
	</Testing>
</Site>
