<?xml version="1.0" encoding="UTF-8"?>
<testsuites tests="829" failures="0" disabled="0" errors="0" time="7.394" timestamp="2026-03-06T17:34:38.362" name="AllTests">
  <testsuite name="SqliteBiTest" tests="54" failures="0" disabled="0" skipped="0" errors="0" time="0.08" timestamp="2026-03-06T17:34:43.368">
    <testcase name="Create_Read_Update_Delete" file="/Users/rmac/Documents/GitHub/metabuilder-small/dbal/production/tests/integration/sqlite_bi_test.cpp" line="33" status="run" result="completed" time="0.008" timestamp="2026-03-06T17:34:43.368" classname="SqliteBiTest" />
    <testcase name="FindFirst_ReturnsFirstMatch" file="/Users/rmac/Documents/GitHub/metabuilder-small/dbal/production/tests/integration/sqlite_bi_test.cpp" line="68" status="run" result="completed" time="0.001" timestamp="2026-03-06T17:34:43.376" classname="SqliteBiTest" />
    <testcase name="FindFirst_NoMatch_ReturnsError" file="/Users/rmac/Documents/GitHub/metabuilder-small/dbal/production/tests/integration/sqlite_bi_test.cpp" line="76" status="run" result="completed" time="0.001" timestamp="2026-03-06T17:34:43.377" classname="SqliteBiTest" />
    <testcase name="List_Eq_MatchesTenantARows" file="/Users/rmac/Documents/GitHub/metabuilder-small/dbal/production/tests/integration/sqlite_bi_test.cpp" line="85" status="run" result="completed" time="0.001" timestamp="2026-03-06T17:34:43.379" classname="SqliteBiTest" />
    <testcase name="List_Ne_ExcludesLanguage" file="/Users/rmac/Documents/GitHub/metabuilder-small/dbal/production/tests/integration/sqlite_bi_test.cpp" line="96" status="run" result="completed" time="0.001" timestamp="2026-03-06T17:34:43.380" classname="SqliteBiTest" />
    <testcase name="List_Lt_ScoreBelow25" file="/Users/rmac/Documents/GitHub/metabuilder-small/dbal/production/tests/integration/sqlite_bi_test.cpp" line="111" status="run" result="completed" time="0.001" timestamp="2026-03-06T17:34:43.382" classname="SqliteBiTest" />
    <testcase name="List_Lte_ScoreUpTo30" file="/Users/rmac/Documents/GitHub/metabuilder-small/dbal/production/tests/integration/sqlite_bi_test.cpp" line="121" status="run" result="completed" time="0.001" timestamp="2026-03-06T17:34:43.383" classname="SqliteBiTest" />
    <testcase name="List_Gt_ScoreAbove30" file="/Users/rmac/Documents/GitHub/metabuilder-small/dbal/production/tests/integration/sqlite_bi_test.cpp" line="130" status="run" result="completed" time="0.001" timestamp="2026-03-06T17:34:43.384" classname="SqliteBiTest" />
    <testcase name="List_Gte_ScoreFrom40" file="/Users/rmac/Documents/GitHub/metabuilder-small/dbal/production/tests/integration/sqlite_bi_test.cpp" line="140" status="run" result="completed" time="0.001" timestamp="2026-03-06T17:34:43.385" classname="SqliteBiTest" />
    <testcase name="List_Like_PrefixMatch" file="/Users/rmac/Documents/GitHub/metabuilder-small/dbal/production/tests/integration/sqlite_bi_test.cpp" line="151" status="run" result="completed" time="0.001" timestamp="2026-03-06T17:34:43.387" classname="SqliteBiTest" />
    <testcase name="List_ILike_CaseInsensitive" file="/Users/rmac/Documents/GitHub/metabuilder-small/dbal/production/tests/integration/sqlite_bi_test.cpp" line="163" status="run" result="completed" time="0.001" timestamp="2026-03-06T17:34:43.388" classname="SqliteBiTest" />
    <testcase name="List_IsNull_LanguageNull" file="/Users/rmac/Documents/GitHub/metabuilder-small/dbal/production/tests/integration/sqlite_bi_test.cpp" line="174" status="run" result="completed" time="0.001" timestamp="2026-03-06T17:34:43.389" classname="SqliteBiTest" />
    <testcase name="List_IsNotNull_NonNullLanguages" file="/Users/rmac/Documents/GitHub/metabuilder-small/dbal/production/tests/integration/sqlite_bi_test.cpp" line="183" status="run" result="completed" time="0.001" timestamp="2026-03-06T17:34:43.391" classname="SqliteBiTest" />
    <testcase name="List_In_ThreeLanguages" file="/Users/rmac/Documents/GitHub/metabuilder-small/dbal/production/tests/integration/sqlite_bi_test.cpp" line="194" status="run" result="completed" time="0.001" timestamp="2026-03-06T17:34:43.392" classname="SqliteBiTest" />
    <testcase name="List_Between_ScoreRange" file="/Users/rmac/Documents/GitHub/metabuilder-small/dbal/production/tests/integration/sqlite_bi_test.cpp" line="207" status="run" result="completed" time="0.001" timestamp="2026-03-06T17:34:43.394" classname="SqliteBiTest" />
    <testcase name="List_OrGroup_LanguageUnion" file="/Users/rmac/Documents/GitHub/metabuilder-small/dbal/production/tests/integration/sqlite_bi_test.cpp" line="222" status="run" result="completed" time="0.001" timestamp="2026-03-06T17:34:43.395" classname="SqliteBiTest" />
    <testcase name="List_OrGroup_TitlePattern" file="/Users/rmac/Documents/GitHub/metabuilder-small/dbal/production/tests/integration/sqlite_bi_test.cpp" line="235" status="run" result="completed" time="0.001" timestamp="2026-03-06T17:34:43.397" classname="SqliteBiTest" />
    <testcase name="Aggregate_CountByLanguage" file="/Users/rmac/Documents/GitHub/metabuilder-small/dbal/production/tests/integration/sqlite_bi_test.cpp" line="250" status="run" result="completed" time="0.001" timestamp="2026-03-06T17:34:43.398" classname="SqliteBiTest" />
    <testcase name="Aggregate_SumScore" file="/Users/rmac/Documents/GitHub/metabuilder-small/dbal/production/tests/integration/sqlite_bi_test.cpp" line="279" status="run" result="completed" time="0.001" timestamp="2026-03-06T17:34:43.399" classname="SqliteBiTest" />
    <testcase name="List_Sort_ScoreDesc" file="/Users/rmac/Documents/GitHub/metabuilder-small/dbal/production/tests/integration/sqlite_bi_test.cpp" line="299" status="run" result="completed" time="0.001" timestamp="2026-03-06T17:34:43.401" classname="SqliteBiTest" />
    <testcase name="List_Pagination_Page1_HasCorrectTotal" file="/Users/rmac/Documents/GitHub/metabuilder-small/dbal/production/tests/integration/sqlite_bi_test.cpp" line="323" status="run" result="completed" time="0.001" timestamp="2026-03-06T17:34:43.402" classname="SqliteBiTest" />
    <testcase name="List_Pagination_Page2_HasNextItems" file="/Users/rmac/Documents/GitHub/metabuilder-small/dbal/production/tests/integration/sqlite_bi_test.cpp" line="336" status="run" result="completed" time="0.001" timestamp="2026-03-06T17:34:43.403" classname="SqliteBiTest" />
    <testcase name="List_LastPage_HasRemainingItems" file="/Users/rmac/Documents/GitHub/metabuilder-small/dbal/production/tests/integration/sqlite_bi_test.cpp" line="353" status="run" result="completed" time="0.001" timestamp="2026-03-06T17:34:43.405" classname="SqliteBiTest" />
    <testcase name="TenantIsolation_TenantBDataNotVisibleToTenantA" file="/Users/rmac/Documents/GitHub/metabuilder-small/dbal/production/tests/integration/sqlite_bi_test.cpp" line="369" status="run" result="completed" time="0.001" timestamp="2026-03-06T17:34:43.406" classname="SqliteBiTest" />
    <testcase name="TenantIsolation_EachTenantSeesOwnCount" file="/Users/rmac/Documents/GitHub/metabuilder-small/dbal/production/tests/integration/sqlite_bi_test.cpp" line="384" status="run" result="completed" time="0.001" timestamp="2026-03-06T17:34:43.408" classname="SqliteBiTest" />
    <testcase name="Transaction_Rollback_RowNotPersisted" file="/Users/rmac/Documents/GitHub/metabuilder-small/dbal/production/tests/integration/sqlite_bi_test.cpp" line="400" status="run" result="completed" time="0.001" timestamp="2026-03-06T17:34:43.409" classname="SqliteBiTest" />
    <testcase name="Transaction_Commit_RowPersisted" file="/Users/rmac/Documents/GitHub/metabuilder-small/dbal/production/tests/integration/sqlite_bi_test.cpp" line="423" status="run" result="completed" time="0.001" timestamp="2026-03-06T17:34:43.411" classname="SqliteBiTest" />
    <testcase name="CreateMany_InsertsMultipleRows" file="/Users/rmac/Documents/GitHub/metabuilder-small/dbal/production/tests/integration/sqlite_bi_test.cpp" line="449" status="run" result="completed" time="0.001" timestamp="2026-03-06T17:34:43.412" classname="SqliteBiTest" />
    <testcase name="CreateMany_EmptyList_ReturnsZero" file="/Users/rmac/Documents/GitHub/metabuilder-small/dbal/production/tests/integration/sqlite_bi_test.cpp" line="473" status="run" result="completed" time="0.001" timestamp="2026-03-06T17:34:43.413" classname="SqliteBiTest" />
    <testcase name="UpdateMany_ByTenant" file="/Users/rmac/Documents/GitHub/metabuilder-small/dbal/production/tests/integration/sqlite_bi_test.cpp" line="481" status="run" result="completed" time="0.001" timestamp="2026-03-06T17:34:43.415" classname="SqliteBiTest" />
    <testcase name="UpdateMany_EmptyData_ReturnsError" file="/Users/rmac/Documents/GitHub/metabuilder-small/dbal/production/tests/integration/sqlite_bi_test.cpp" line="499" status="run" result="completed" time="0.001" timestamp="2026-03-06T17:34:43.416" classname="SqliteBiTest" />
    <testcase name="DeleteMany_WithFilter" file="/Users/rmac/Documents/GitHub/metabuilder-small/dbal/production/tests/integration/sqlite_bi_test.cpp" line="508" status="run" result="completed" time="0.001" timestamp="2026-03-06T17:34:43.418" classname="SqliteBiTest" />
    <testcase name="DeleteMany_EmptyFilter_DeletesAll" file="/Users/rmac/Documents/GitHub/metabuilder-small/dbal/production/tests/integration/sqlite_bi_test.cpp" line="524" status="run" result="completed" time="0.001" timestamp="2026-03-06T17:34:43.419" classname="SqliteBiTest" />
    <testcase name="FindByField_Match" file="/Users/rmac/Documents/GitHub/metabuilder-small/dbal/production/tests/integration/sqlite_bi_test.cpp" line="537" status="run" result="completed" time="0.001" timestamp="2026-03-06T17:34:43.420" classname="SqliteBiTest" />
    <testcase name="Upsert_CreatesWhenMissing" file="/Users/rmac/Documents/GitHub/metabuilder-small/dbal/production/tests/integration/sqlite_bi_test.cpp" line="543" status="run" result="completed" time="0.001" timestamp="2026-03-06T17:34:43.422" classname="SqliteBiTest" />
    <testcase name="Upsert_UpdatesWhenExists" file="/Users/rmac/Documents/GitHub/metabuilder-small/dbal/production/tests/integration/sqlite_bi_test.cpp" line="559" status="run" result="completed" time="0.001" timestamp="2026-03-06T17:34:43.423" classname="SqliteBiTest" />
    <testcase name="GetAvailableEntities_ReturnsTestItem" file="/Users/rmac/Documents/GitHub/metabuilder-small/dbal/production/tests/integration/sqlite_bi_test.cpp" line="581" status="run" result="completed" time="0.001" timestamp="2026-03-06T17:34:43.424" classname="SqliteBiTest" />
    <testcase name="GetEntitySchema_ReturnsFields" file="/Users/rmac/Documents/GitHub/metabuilder-small/dbal/production/tests/integration/sqlite_bi_test.cpp" line="590" status="run" result="completed" time="0.001" timestamp="2026-03-06T17:34:43.426" classname="SqliteBiTest" />
    <testcase name="GetEntitySchema_UnknownEntity_ReturnsError" file="/Users/rmac/Documents/GitHub/metabuilder-small/dbal/production/tests/integration/sqlite_bi_test.cpp" line="597" status="run" result="completed" time="0.001" timestamp="2026-03-06T17:34:43.427" classname="SqliteBiTest" />
    <testcase name="Create_UnknownEntity_ReturnsError" file="/Users/rmac/Documents/GitHub/metabuilder-small/dbal/production/tests/integration/sqlite_bi_test.cpp" line="604" status="run" result="completed" time="0.001" timestamp="2026-03-06T17:34:43.428" classname="SqliteBiTest" />
    <testcase name="Read_UnknownEntity_ReturnsError" file="/Users/rmac/Documents/GitHub/metabuilder-small/dbal/production/tests/integration/sqlite_bi_test.cpp" line="609" status="run" result="completed" time="0.001" timestamp="2026-03-06T17:34:43.429" classname="SqliteBiTest" />
    <testcase name="Update_UnknownEntity_ReturnsError" file="/Users/rmac/Documents/GitHub/metabuilder-small/dbal/production/tests/integration/sqlite_bi_test.cpp" line="614" status="run" result="completed" time="0.001" timestamp="2026-03-06T17:34:43.430" classname="SqliteBiTest" />
    <testcase name="Remove_UnknownEntity_ReturnsError" file="/Users/rmac/Documents/GitHub/metabuilder-small/dbal/production/tests/integration/sqlite_bi_test.cpp" line="619" status="run" result="completed" time="0.001" timestamp="2026-03-06T17:34:43.432" classname="SqliteBiTest" />
    <testcase name="List_UnknownEntity_ReturnsError" file="/Users/rmac/Documents/GitHub/metabuilder-small/dbal/production/tests/integration/sqlite_bi_test.cpp" line="624" status="run" result="completed" time="0.001" timestamp="2026-03-06T17:34:43.433" classname="SqliteBiTest" />
    <testcase name="FindFirst_UnknownEntity_ReturnsError" file="/Users/rmac/Documents/GitHub/metabuilder-small/dbal/production/tests/integration/sqlite_bi_test.cpp" line="629" status="run" result="completed" time="0.001" timestamp="2026-03-06T17:34:43.434" classname="SqliteBiTest" />
    <testcase name="CreateMany_UnknownEntity_ReturnsError" file="/Users/rmac/Documents/GitHub/metabuilder-small/dbal/production/tests/integration/sqlite_bi_test.cpp" line="634" status="run" result="completed" time="0.001" timestamp="2026-03-06T17:34:43.436" classname="SqliteBiTest" />
    <testcase name="UpdateMany_UnknownEntity_ReturnsError" file="/Users/rmac/Documents/GitHub/metabuilder-small/dbal/production/tests/integration/sqlite_bi_test.cpp" line="640" status="run" result="completed" time="0.001" timestamp="2026-03-06T17:34:43.437" classname="SqliteBiTest" />
    <testcase name="DeleteMany_UnknownEntity_ReturnsError" file="/Users/rmac/Documents/GitHub/metabuilder-small/dbal/production/tests/integration/sqlite_bi_test.cpp" line="647" status="run" result="completed" time="0.001" timestamp="2026-03-06T17:34:43.439" classname="SqliteBiTest" />
    <testcase name="Transaction_DoubleBegin_ReturnsError" file="/Users/rmac/Documents/GitHub/metabuilder-small/dbal/production/tests/integration/sqlite_bi_test.cpp" line="654" status="run" result="completed" time="0.001" timestamp="2026-03-06T17:34:43.440" classname="SqliteBiTest" />
    <testcase name="Transaction_CommitWithoutBegin_ReturnsError" file="/Users/rmac/Documents/GitHub/metabuilder-small/dbal/production/tests/integration/sqlite_bi_test.cpp" line="663" status="run" result="completed" time="0.001" timestamp="2026-03-06T17:34:43.441" classname="SqliteBiTest" />
    <testcase name="Transaction_RollbackWithoutBegin_ReturnsError" file="/Users/rmac/Documents/GitHub/metabuilder-small/dbal/production/tests/integration/sqlite_bi_test.cpp" line="669" status="run" result="completed" time="0.001" timestamp="2026-03-06T17:34:43.443" classname="SqliteBiTest" />
    <testcase name="CreateMany_DuplicateKey_SkipsFailedRow" file="/Users/rmac/Documents/GitHub/metabuilder-small/dbal/production/tests/integration/sqlite_bi_test.cpp" line="677" status="run" result="completed" time="0.001" timestamp="2026-03-06T17:34:43.444" classname="SqliteBiTest" />
    <testcase name="List_SortByUnknownField_HandledGracefully" file="/Users/rmac/Documents/GitHub/metabuilder-small/dbal/production/tests/integration/sqlite_bi_test.cpp" line="719" status="run" result="completed" time="0.001" timestamp="2026-03-06T17:34:43.445" classname="SqliteBiTest" />
    <testcase name="List_Distinct_Languages" file="/Users/rmac/Documents/GitHub/metabuilder-small/dbal/production/tests/integration/sqlite_bi_test.cpp" line="738" status="run" result="completed" time="0.001" timestamp="2026-03-06T17:34:43.447" classname="SqliteBiTest" />
  </testsuite>
  <testsuite name="PostgresIntegrationTest" tests="37" failures="0" disabled="0" skipped="0" errors="0" time="0.474" timestamp="2026-03-06T17:34:43.448">
    <testcase name="Create_Read_Update_Delete" file="/Users/rmac/Documents/GitHub/metabuilder-small/dbal/production/tests/integration/postgres_integration_test.cpp" line="64" status="run" result="completed" time="0.032" timestamp="2026-03-06T17:34:43.448" classname="PostgresIntegrationTest" />
    <testcase name="List_Eq_TenantA" file="/Users/rmac/Documents/GitHub/metabuilder-small/dbal/production/tests/integration/postgres_integration_test.cpp" line="93" status="run" result="completed" time="0.013" timestamp="2026-03-06T17:34:43.481" classname="PostgresIntegrationTest" />
    <testcase name="List_Lt_Score" file="/Users/rmac/Documents/GitHub/metabuilder-small/dbal/production/tests/integration/postgres_integration_test.cpp" line="101" status="run" result="completed" time="0.012" timestamp="2026-03-06T17:34:43.495" classname="PostgresIntegrationTest" />
    <testcase name="List_Like_Prefix" file="/Users/rmac/Documents/GitHub/metabuilder-small/dbal/production/tests/integration/postgres_integration_test.cpp" line="110" status="run" result="completed" time="0.012" timestamp="2026-03-06T17:34:43.507" classname="PostgresIntegrationTest" />
    <testcase name="List_ILike_NativePostgres" file="/Users/rmac/Documents/GitHub/metabuilder-small/dbal/production/tests/integration/postgres_integration_test.cpp" line="119" status="run" result="completed" time="0.012" timestamp="2026-03-06T17:34:43.520" classname="PostgresIntegrationTest" />
    <testcase name="List_IsNull_Language" file="/Users/rmac/Documents/GitHub/metabuilder-small/dbal/production/tests/integration/postgres_integration_test.cpp" line="129" status="run" result="completed" time="0.013" timestamp="2026-03-06T17:34:43.533" classname="PostgresIntegrationTest" />
    <testcase name="List_In_Languages" file="/Users/rmac/Documents/GitHub/metabuilder-small/dbal/production/tests/integration/postgres_integration_test.cpp" line="138" status="run" result="completed" time="0.013" timestamp="2026-03-06T17:34:43.546" classname="PostgresIntegrationTest" />
    <testcase name="List_Between" file="/Users/rmac/Documents/GitHub/metabuilder-small/dbal/production/tests/integration/postgres_integration_test.cpp" line="151" status="run" result="completed" time="0.012" timestamp="2026-03-06T17:34:43.559" classname="PostgresIntegrationTest" />
    <testcase name="List_OrGroup" file="/Users/rmac/Documents/GitHub/metabuilder-small/dbal/production/tests/integration/postgres_integration_test.cpp" line="164" status="run" result="completed" time="0.012" timestamp="2026-03-06T17:34:43.572" classname="PostgresIntegrationTest" />
    <testcase name="Aggregate_CountByLanguage" file="/Users/rmac/Documents/GitHub/metabuilder-small/dbal/production/tests/integration/postgres_integration_test.cpp" line="177" status="run" result="completed" time="0.011" timestamp="2026-03-06T17:34:43.584" classname="PostgresIntegrationTest" />
    <testcase name="Pagination_TotalIsAccurate" file="/Users/rmac/Documents/GitHub/metabuilder-small/dbal/production/tests/integration/postgres_integration_test.cpp" line="201" status="run" result="completed" time="0.012" timestamp="2026-03-06T17:34:43.596" classname="PostgresIntegrationTest" />
    <testcase name="TenantIsolation" file="/Users/rmac/Documents/GitHub/metabuilder-small/dbal/production/tests/integration/postgres_integration_test.cpp" line="212" status="run" result="completed" time="0.011" timestamp="2026-03-06T17:34:43.608" classname="PostgresIntegrationTest" />
    <testcase name="CreateMany_InsertsRows" file="/Users/rmac/Documents/GitHub/metabuilder-small/dbal/production/tests/integration/postgres_integration_test.cpp" line="225" status="run" result="completed" time="0.012" timestamp="2026-03-06T17:34:43.620" classname="PostgresIntegrationTest" />
    <testcase name="UpdateMany_ByTenant" file="/Users/rmac/Documents/GitHub/metabuilder-small/dbal/production/tests/integration/postgres_integration_test.cpp" line="248" status="run" result="completed" time="0.011" timestamp="2026-03-06T17:34:43.633" classname="PostgresIntegrationTest" />
    <testcase name="DeleteMany_WithFilter" file="/Users/rmac/Documents/GitHub/metabuilder-small/dbal/production/tests/integration/postgres_integration_test.cpp" line="267" status="run" result="completed" time="0.012" timestamp="2026-03-06T17:34:43.645" classname="PostgresIntegrationTest" />
    <testcase name="FindFirst_Match" file="/Users/rmac/Documents/GitHub/metabuilder-small/dbal/production/tests/integration/postgres_integration_test.cpp" line="285" status="run" result="completed" time="0.011" timestamp="2026-03-06T17:34:43.657" classname="PostgresIntegrationTest" />
    <testcase name="FindFirst_NoMatch_ReturnsError" file="/Users/rmac/Documents/GitHub/metabuilder-small/dbal/production/tests/integration/postgres_integration_test.cpp" line="293" status="run" result="completed" time="0.011" timestamp="2026-03-06T17:34:43.669" classname="PostgresIntegrationTest" />
    <testcase name="FindByField_Match" file="/Users/rmac/Documents/GitHub/metabuilder-small/dbal/production/tests/integration/postgres_integration_test.cpp" line="300" status="run" result="completed" time="0.011" timestamp="2026-03-06T17:34:43.680" classname="PostgresIntegrationTest" />
    <testcase name="Upsert_CreatesWhenMissing" file="/Users/rmac/Documents/GitHub/metabuilder-small/dbal/production/tests/integration/postgres_integration_test.cpp" line="306" status="run" result="completed" time="0.012" timestamp="2026-03-06T17:34:43.692" classname="PostgresIntegrationTest" />
    <testcase name="Upsert_UpdatesWhenExists" file="/Users/rmac/Documents/GitHub/metabuilder-small/dbal/production/tests/integration/postgres_integration_test.cpp" line="322" status="run" result="completed" time="0.011" timestamp="2026-03-06T17:34:43.704" classname="PostgresIntegrationTest" />
    <testcase name="Transaction_Rollback_ApiSucceeds" file="/Users/rmac/Documents/GitHub/metabuilder-small/dbal/production/tests/integration/postgres_integration_test.cpp" line="335" status="run" result="completed" time="0.011" timestamp="2026-03-06T17:34:43.716" classname="PostgresIntegrationTest" />
    <testcase name="Transaction_Commit_ApiSucceeds" file="/Users/rmac/Documents/GitHub/metabuilder-small/dbal/production/tests/integration/postgres_integration_test.cpp" line="344" status="run" result="completed" time="0.011" timestamp="2026-03-06T17:34:43.727" classname="PostgresIntegrationTest" />
    <testcase name="GetAvailableEntities" file="/Users/rmac/Documents/GitHub/metabuilder-small/dbal/production/tests/integration/postgres_integration_test.cpp" line="353" status="run" result="completed" time="0.011" timestamp="2026-03-06T17:34:43.739" classname="PostgresIntegrationTest" />
    <testcase name="GetEntitySchema_ReturnsFields" file="/Users/rmac/Documents/GitHub/metabuilder-small/dbal/production/tests/integration/postgres_integration_test.cpp" line="361" status="run" result="completed" time="0.011" timestamp="2026-03-06T17:34:43.750" classname="PostgresIntegrationTest" />
    <testcase name="GetEntitySchema_UnknownEntity_ReturnsError" file="/Users/rmac/Documents/GitHub/metabuilder-small/dbal/production/tests/integration/postgres_integration_test.cpp" line="368" status="run" result="completed" time="0.011" timestamp="2026-03-06T17:34:43.762" classname="PostgresIntegrationTest" />
    <testcase name="List_SortDesc" file="/Users/rmac/Documents/GitHub/metabuilder-small/dbal/production/tests/integration/postgres_integration_test.cpp" line="375" status="run" result="completed" time="0.011" timestamp="2026-03-06T17:34:43.773" classname="PostgresIntegrationTest" />
    <testcase name="Read_UnknownEntity_ReturnsError" file="/Users/rmac/Documents/GitHub/metabuilder-small/dbal/production/tests/integration/postgres_integration_test.cpp" line="398" status="run" result="completed" time="0.012" timestamp="2026-03-06T17:34:43.784" classname="PostgresIntegrationTest" />
    <testcase name="FindFirst_UnknownEntity_ReturnsError" file="/Users/rmac/Documents/GitHub/metabuilder-small/dbal/production/tests/integration/postgres_integration_test.cpp" line="403" status="run" result="completed" time="0.013" timestamp="2026-03-06T17:34:43.797" classname="PostgresIntegrationTest" />
    <testcase name="UpdateMany_UnknownEntity_ReturnsError" file="/Users/rmac/Documents/GitHub/metabuilder-small/dbal/production/tests/integration/postgres_integration_test.cpp" line="408" status="run" result="completed" time="0.011" timestamp="2026-03-06T17:34:43.810" classname="PostgresIntegrationTest" />
    <testcase name="UpdateMany_UnknownFilterField_ReturnsError" file="/Users/rmac/Documents/GitHub/metabuilder-small/dbal/production/tests/integration/postgres_integration_test.cpp" line="415" status="run" result="completed" time="0.01" timestamp="2026-03-06T17:34:43.821" classname="PostgresIntegrationTest" />
    <testcase name="DeleteMany_UnknownEntity_ReturnsError" file="/Users/rmac/Documents/GitHub/metabuilder-small/dbal/production/tests/integration/postgres_integration_test.cpp" line="425" status="run" result="completed" time="0.011" timestamp="2026-03-06T17:34:43.831" classname="PostgresIntegrationTest" />
    <testcase name="FindFirst_UnknownFilterField_ReturnsError" file="/Users/rmac/Documents/GitHub/metabuilder-small/dbal/production/tests/integration/postgres_integration_test.cpp" line="432" status="run" result="completed" time="0.011" timestamp="2026-03-06T17:34:43.843" classname="PostgresIntegrationTest" />
    <testcase name="List_SortByUnknownField_ReturnsError" file="/Users/rmac/Documents/GitHub/metabuilder-small/dbal/production/tests/integration/postgres_integration_test.cpp" line="440" status="run" result="completed" time="0.011" timestamp="2026-03-06T17:34:43.854" classname="PostgresIntegrationTest" />
    <testcase name="List_ConditionOnUnknownField_ReturnsError" file="/Users/rmac/Documents/GitHub/metabuilder-small/dbal/production/tests/integration/postgres_integration_test.cpp" line="449" status="run" result="completed" time="0.011" timestamp="2026-03-06T17:34:43.865" classname="PostgresIntegrationTest" />
    <testcase name="List_AggregateOnUnknownField_ReturnsError" file="/Users/rmac/Documents/GitHub/metabuilder-small/dbal/production/tests/integration/postgres_integration_test.cpp" line="458" status="run" result="completed" time="0.01" timestamp="2026-03-06T17:34:43.876" classname="PostgresIntegrationTest" />
    <testcase name="List_GroupByUnknownField_ReturnsError" file="/Users/rmac/Documents/GitHub/metabuilder-small/dbal/production/tests/integration/postgres_integration_test.cpp" line="468" status="run" result="completed" time="0.011" timestamp="2026-03-06T17:34:43.887" classname="PostgresIntegrationTest" />
    <testcase name="ConcurrentReads_NoDataRace" file="/Users/rmac/Documents/GitHub/metabuilder-small/dbal/production/tests/integration/postgres_integration_test.cpp" line="480" status="run" result="completed" time="0.024" timestamp="2026-03-06T17:34:43.898" classname="PostgresIntegrationTest" />
  </testsuite>
  <testsuite name="MySQLIntegrationTest" tests="32" failures="0" disabled="0" skipped="0" errors="0" time="0.895" timestamp="2026-03-06T17:34:43.923">
    <testcase name="Create_Read_Update_Delete" file="/Users/rmac/Documents/GitHub/metabuilder-small/dbal/production/tests/integration/mysql_integration_test.cpp" line="61" status="run" result="completed" time="0.058" timestamp="2026-03-06T17:34:43.923" classname="MySQLIntegrationTest" />
    <testcase name="List_Eq_TenantA" file="/Users/rmac/Documents/GitHub/metabuilder-small/dbal/production/tests/integration/mysql_integration_test.cpp" line="91" status="run" result="completed" time="0.028" timestamp="2026-03-06T17:34:43.981" classname="MySQLIntegrationTest" />
    <testcase name="List_Like_Prefix" file="/Users/rmac/Documents/GitHub/metabuilder-small/dbal/production/tests/integration/mysql_integration_test.cpp" line="99" status="run" result="completed" time="0.027" timestamp="2026-03-06T17:34:44.010" classname="MySQLIntegrationTest" />
    <testcase name="List_Lt_Score" file="/Users/rmac/Documents/GitHub/metabuilder-small/dbal/production/tests/integration/mysql_integration_test.cpp" line="108" status="run" result="completed" time="0.026" timestamp="2026-03-06T17:34:44.038" classname="MySQLIntegrationTest" />
    <testcase name="List_IsNull_Language" file="/Users/rmac/Documents/GitHub/metabuilder-small/dbal/production/tests/integration/mysql_integration_test.cpp" line="117" status="run" result="completed" time="0.028" timestamp="2026-03-06T17:34:44.065" classname="MySQLIntegrationTest" />
    <testcase name="List_In_Languages" file="/Users/rmac/Documents/GitHub/metabuilder-small/dbal/production/tests/integration/mysql_integration_test.cpp" line="126" status="run" result="completed" time="0.028" timestamp="2026-03-06T17:34:44.093" classname="MySQLIntegrationTest" />
    <testcase name="List_Between" file="/Users/rmac/Documents/GitHub/metabuilder-small/dbal/production/tests/integration/mysql_integration_test.cpp" line="139" status="run" result="completed" time="0.027" timestamp="2026-03-06T17:34:44.122" classname="MySQLIntegrationTest" />
    <testcase name="List_OrGroup" file="/Users/rmac/Documents/GitHub/metabuilder-small/dbal/production/tests/integration/mysql_integration_test.cpp" line="152" status="run" result="completed" time="0.027" timestamp="2026-03-06T17:34:44.150" classname="MySQLIntegrationTest" />
    <testcase name="Aggregate_CountByLanguage" file="/Users/rmac/Documents/GitHub/metabuilder-small/dbal/production/tests/integration/mysql_integration_test.cpp" line="167" status="run" result="completed" time="0.027" timestamp="2026-03-06T17:34:44.177" classname="MySQLIntegrationTest" />
    <testcase name="TenantIsolation" file="/Users/rmac/Documents/GitHub/metabuilder-small/dbal/production/tests/integration/mysql_integration_test.cpp" line="193" status="run" result="completed" time="0.027" timestamp="2026-03-06T17:34:44.205" classname="MySQLIntegrationTest" />
    <testcase name="Pagination_TotalIsAccurate" file="/Users/rmac/Documents/GitHub/metabuilder-small/dbal/production/tests/integration/mysql_integration_test.cpp" line="206" status="run" result="completed" time="0.026" timestamp="2026-03-06T17:34:44.232" classname="MySQLIntegrationTest" />
    <testcase name="CreateMany_InsertsRows" file="/Users/rmac/Documents/GitHub/metabuilder-small/dbal/production/tests/integration/mysql_integration_test.cpp" line="219" status="run" result="completed" time="0.033" timestamp="2026-03-06T17:34:44.259" classname="MySQLIntegrationTest" />
    <testcase name="UpdateMany_ByTenant" file="/Users/rmac/Documents/GitHub/metabuilder-small/dbal/production/tests/integration/mysql_integration_test.cpp" line="242" status="run" result="completed" time="0.028" timestamp="2026-03-06T17:34:44.293" classname="MySQLIntegrationTest" />
    <testcase name="DeleteMany_WithFilter" file="/Users/rmac/Documents/GitHub/metabuilder-small/dbal/production/tests/integration/mysql_integration_test.cpp" line="260" status="run" result="completed" time="0.028" timestamp="2026-03-06T17:34:44.322" classname="MySQLIntegrationTest" />
    <testcase name="FindFirst_Match" file="/Users/rmac/Documents/GitHub/metabuilder-small/dbal/production/tests/integration/mysql_integration_test.cpp" line="278" status="run" result="completed" time="0.027" timestamp="2026-03-06T17:34:44.350" classname="MySQLIntegrationTest" />
    <testcase name="FindFirst_NoMatch_ReturnsError" file="/Users/rmac/Documents/GitHub/metabuilder-small/dbal/production/tests/integration/mysql_integration_test.cpp" line="286" status="run" result="completed" time="0.025" timestamp="2026-03-06T17:34:44.377" classname="MySQLIntegrationTest" />
    <testcase name="FindByField_Match" file="/Users/rmac/Documents/GitHub/metabuilder-small/dbal/production/tests/integration/mysql_integration_test.cpp" line="293" status="run" result="completed" time="0.025" timestamp="2026-03-06T17:34:44.402" classname="MySQLIntegrationTest" />
    <testcase name="Upsert_CreatesWhenMissing" file="/Users/rmac/Documents/GitHub/metabuilder-small/dbal/production/tests/integration/mysql_integration_test.cpp" line="299" status="run" result="completed" time="0.027" timestamp="2026-03-06T17:34:44.428" classname="MySQLIntegrationTest" />
    <testcase name="Upsert_UpdatesWhenExists" file="/Users/rmac/Documents/GitHub/metabuilder-small/dbal/production/tests/integration/mysql_integration_test.cpp" line="315" status="run" result="completed" time="0.027" timestamp="2026-03-06T17:34:44.455" classname="MySQLIntegrationTest" />
    <testcase name="Transaction_Rollback_ApiSucceeds" file="/Users/rmac/Documents/GitHub/metabuilder-small/dbal/production/tests/integration/mysql_integration_test.cpp" line="327" status="run" result="completed" time="0.025" timestamp="2026-03-06T17:34:44.483" classname="MySQLIntegrationTest" />
    <testcase name="Transaction_Commit_ApiSucceeds" file="/Users/rmac/Documents/GitHub/metabuilder-small/dbal/production/tests/integration/mysql_integration_test.cpp" line="336" status="run" result="completed" time="0.027" timestamp="2026-03-06T17:34:44.508" classname="MySQLIntegrationTest" />
    <testcase name="List_SortDesc" file="/Users/rmac/Documents/GitHub/metabuilder-small/dbal/production/tests/integration/mysql_integration_test.cpp" line="345" status="run" result="completed" time="0.026" timestamp="2026-03-06T17:34:44.535" classname="MySQLIntegrationTest" />
    <testcase name="GetAvailableEntities" file="/Users/rmac/Documents/GitHub/metabuilder-small/dbal/production/tests/integration/mysql_integration_test.cpp" line="368" status="run" result="completed" time="0.025" timestamp="2026-03-06T17:34:44.562" classname="MySQLIntegrationTest" />
    <testcase name="GetEntitySchema_ReturnsFields" file="/Users/rmac/Documents/GitHub/metabuilder-small/dbal/production/tests/integration/mysql_integration_test.cpp" line="376" status="run" result="completed" time="0.025" timestamp="2026-03-06T17:34:44.587" classname="MySQLIntegrationTest" />
    <testcase name="Read_UnknownEntity_ReturnsError" file="/Users/rmac/Documents/GitHub/metabuilder-small/dbal/production/tests/integration/mysql_integration_test.cpp" line="382" status="run" result="completed" time="0.024" timestamp="2026-03-06T17:34:44.612" classname="MySQLIntegrationTest" />
    <testcase name="UpdateMany_UnknownFilterField_ReturnsError" file="/Users/rmac/Documents/GitHub/metabuilder-small/dbal/production/tests/integration/mysql_integration_test.cpp" line="387" status="run" result="completed" time="0.025" timestamp="2026-03-06T17:34:44.637" classname="MySQLIntegrationTest" />
    <testcase name="FindFirst_UnknownFilterField_ReturnsError" file="/Users/rmac/Documents/GitHub/metabuilder-small/dbal/production/tests/integration/mysql_integration_test.cpp" line="401" status="run" result="completed" time="0.024" timestamp="2026-03-06T17:34:44.662" classname="MySQLIntegrationTest" />
    <testcase name="List_SortByUnknownField_ReturnsError" file="/Users/rmac/Documents/GitHub/metabuilder-small/dbal/production/tests/integration/mysql_integration_test.cpp" line="408" status="run" result="completed" time="0.025" timestamp="2026-03-06T17:34:44.687" classname="MySQLIntegrationTest" />
    <testcase name="List_ConditionOnUnknownField_ReturnsError" file="/Users/rmac/Documents/GitHub/metabuilder-small/dbal/production/tests/integration/mysql_integration_test.cpp" line="416" status="run" result="completed" time="0.026" timestamp="2026-03-06T17:34:44.712" classname="MySQLIntegrationTest" />
    <testcase name="List_AggregateOnUnknownField_ReturnsError" file="/Users/rmac/Documents/GitHub/metabuilder-small/dbal/production/tests/integration/mysql_integration_test.cpp" line="424" status="run" result="completed" time="0.025" timestamp="2026-03-06T17:34:44.739" classname="MySQLIntegrationTest" />
    <testcase name="List_GroupByUnknownField_ReturnsError" file="/Users/rmac/Documents/GitHub/metabuilder-small/dbal/production/tests/integration/mysql_integration_test.cpp" line="433" status="run" result="completed" time="0.025" timestamp="2026-03-06T17:34:44.764" classname="MySQLIntegrationTest" />
    <testcase name="MySql_SelectAll_NoDialectErrors" file="/Users/rmac/Documents/GitHub/metabuilder-small/dbal/production/tests/integration/mysql_integration_test.cpp" line="442" status="run" result="completed" time="0.028" timestamp="2026-03-06T17:34:44.790" classname="MySQLIntegrationTest" />
  </testsuite>
  <testsuite name="SupabaseAdapterTest" tests="34" failures="0" disabled="0" skipped="0" errors="0" time="0." timestamp="2026-03-06T17:34:44.818">
    <testcase name="Create_ReturnsFirstElement" file="/Users/rmac/Documents/GitHub/metabuilder-small/dbal/production/tests/unit/supabase_adapter_test.cpp" line="84" status="run" result="completed" time="0." timestamp="2026-03-06T17:34:44.818" classname="SupabaseAdapterTest" />
    <testcase name="Create_PropagatesHttpError" file="/Users/rmac/Documents/GitHub/metabuilder-small/dbal/production/tests/unit/supabase_adapter_test.cpp" line="95" status="run" result="completed" time="0." timestamp="2026-03-06T17:34:44.818" classname="SupabaseAdapterTest" />
    <testcase name="Read_ExtractsFirstItemFromArray" file="/Users/rmac/Documents/GitHub/metabuilder-small/dbal/production/tests/unit/supabase_adapter_test.cpp" line="108" status="run" result="completed" time="0." timestamp="2026-03-06T17:34:44.818" classname="SupabaseAdapterTest" />
    <testcase name="Read_ReturnsNotFoundOnEmptyArray" file="/Users/rmac/Documents/GitHub/metabuilder-small/dbal/production/tests/unit/supabase_adapter_test.cpp" line="117" status="run" result="completed" time="0." timestamp="2026-03-06T17:34:44.818" classname="SupabaseAdapterTest" />
    <testcase name="Update_ReturnsUpdatedRecord" file="/Users/rmac/Documents/GitHub/metabuilder-small/dbal/production/tests/unit/supabase_adapter_test.cpp" line="129" status="run" result="completed" time="0." timestamp="2026-03-06T17:34:44.818" classname="SupabaseAdapterTest" />
    <testcase name="Update_ReturnsNotFoundOnEmptyArray" file="/Users/rmac/Documents/GitHub/metabuilder-small/dbal/production/tests/unit/supabase_adapter_test.cpp" line="139" status="run" result="completed" time="0." timestamp="2026-03-06T17:34:44.818" classname="SupabaseAdapterTest" />
    <testcase name="Remove_ReturnsTrueOnSuccess" file="/Users/rmac/Documents/GitHub/metabuilder-small/dbal/production/tests/unit/supabase_adapter_test.cpp" line="151" status="run" result="completed" time="0." timestamp="2026-03-06T17:34:44.818" classname="SupabaseAdapterTest" />
    <testcase name="List_TotalFromContentRange" file="/Users/rmac/Documents/GitHub/metabuilder-small/dbal/production/tests/unit/supabase_adapter_test.cpp" line="164" status="run" result="completed" time="0." timestamp="2026-03-06T17:34:44.819" classname="SupabaseAdapterTest" />
    <testcase name="List_TotalFallsBackToPageSizeWhenNoContentRange" file="/Users/rmac/Documents/GitHub/metabuilder-small/dbal/production/tests/unit/supabase_adapter_test.cpp" line="177" status="run" result="completed" time="0." timestamp="2026-03-06T17:34:44.819" classname="SupabaseAdapterTest" />
    <testcase name="FindFirst_AppliesFilter" file="/Users/rmac/Documents/GitHub/metabuilder-small/dbal/production/tests/unit/supabase_adapter_test.cpp" line="192" status="run" result="completed" time="0." timestamp="2026-03-06T17:34:44.819" classname="SupabaseAdapterTest" />
    <testcase name="FindFirst_ReturnsNotFoundOnEmptyList" file="/Users/rmac/Documents/GitHub/metabuilder-small/dbal/production/tests/unit/supabase_adapter_test.cpp" line="206" status="run" result="completed" time="0." timestamp="2026-03-06T17:34:44.819" classname="SupabaseAdapterTest" />
    <testcase name="DeleteMany_ReturnsMatchingRowCount" file="/Users/rmac/Documents/GitHub/metabuilder-small/dbal/production/tests/unit/supabase_adapter_test.cpp" line="218" status="run" result="completed" time="0." timestamp="2026-03-06T17:34:44.819" classname="SupabaseAdapterTest" />
    <testcase name="DeleteMany_PropagatesDeleteError" file="/Users/rmac/Documents/GitHub/metabuilder-small/dbal/production/tests/unit/supabase_adapter_test.cpp" line="238" status="run" result="completed" time="0." timestamp="2026-03-06T17:34:44.819" classname="SupabaseAdapterTest" />
    <testcase name="CreateMany_ReturnsInsertedCount" file="/Users/rmac/Documents/GitHub/metabuilder-small/dbal/production/tests/unit/supabase_adapter_test.cpp" line="252" status="run" result="completed" time="0." timestamp="2026-03-06T17:34:44.819" classname="SupabaseAdapterTest" />
    <testcase name="Transaction_DoubleBegin_ReturnsError" file="/Users/rmac/Documents/GitHub/metabuilder-small/dbal/production/tests/unit/supabase_adapter_test.cpp" line="268" status="run" result="completed" time="0." timestamp="2026-03-06T17:34:44.819" classname="SupabaseAdapterTest" />
    <testcase name="Transaction_CommitWithoutBegin_ReturnsError" file="/Users/rmac/Documents/GitHub/metabuilder-small/dbal/production/tests/unit/supabase_adapter_test.cpp" line="274" status="run" result="completed" time="0." timestamp="2026-03-06T17:34:44.819" classname="SupabaseAdapterTest" />
    <testcase name="Transaction_RollbackWithoutBegin_ReturnsError" file="/Users/rmac/Documents/GitHub/metabuilder-small/dbal/production/tests/unit/supabase_adapter_test.cpp" line="278" status="run" result="completed" time="0." timestamp="2026-03-06T17:34:44.819" classname="SupabaseAdapterTest" />
    <testcase name="List_HttpError_ReturnsError" file="/Users/rmac/Documents/GitHub/metabuilder-small/dbal/production/tests/unit/supabase_adapter_test.cpp" line="287" status="run" result="completed" time="0." timestamp="2026-03-06T17:34:44.819" classname="SupabaseAdapterTest" />
    <testcase name="List_NonArrayItems_ReturnsZeroTotal" file="/Users/rmac/Documents/GitHub/metabuilder-small/dbal/production/tests/unit/supabase_adapter_test.cpp" line="296" status="run" result="completed" time="0." timestamp="2026-03-06T17:34:44.819" classname="SupabaseAdapterTest" />
    <testcase name="CreateMany_HttpError_ReturnsError" file="/Users/rmac/Documents/GitHub/metabuilder-small/dbal/production/tests/unit/supabase_adapter_test.cpp" line="313" status="run" result="completed" time="0." timestamp="2026-03-06T17:34:44.819" classname="SupabaseAdapterTest" />
    <testcase name="CreateMany_NonArrayResponse_ReturnsZero" file="/Users/rmac/Documents/GitHub/metabuilder-small/dbal/production/tests/unit/supabase_adapter_test.cpp" line="321" status="run" result="completed" time="0." timestamp="2026-03-06T17:34:44.819" classname="SupabaseAdapterTest" />
    <testcase name="UpdateMany_WithFilter_ReturnsCount" file="/Users/rmac/Documents/GitHub/metabuilder-small/dbal/production/tests/unit/supabase_adapter_test.cpp" line="334" status="run" result="completed" time="0." timestamp="2026-03-06T17:34:44.819" classname="SupabaseAdapterTest" />
    <testcase name="UpdateMany_HttpError_ReturnsError" file="/Users/rmac/Documents/GitHub/metabuilder-small/dbal/production/tests/unit/supabase_adapter_test.cpp" line="346" status="run" result="completed" time="0." timestamp="2026-03-06T17:34:44.819" classname="SupabaseAdapterTest" />
    <testcase name="UpdateMany_NonArrayResponse_ReturnsZero" file="/Users/rmac/Documents/GitHub/metabuilder-small/dbal/production/tests/unit/supabase_adapter_test.cpp" line="354" status="run" result="completed" time="0." timestamp="2026-03-06T17:34:44.819" classname="SupabaseAdapterTest" />
    <testcase name="FindFirst_ListError_ReturnsError" file="/Users/rmac/Documents/GitHub/metabuilder-small/dbal/production/tests/unit/supabase_adapter_test.cpp" line="367" status="run" result="completed" time="0." timestamp="2026-03-06T17:34:44.819" classname="SupabaseAdapterTest" />
    <testcase name="FindByField_ReturnsMatchingRecord" file="/Users/rmac/Documents/GitHub/metabuilder-small/dbal/production/tests/unit/supabase_adapter_test.cpp" line="379" status="run" result="completed" time="0." timestamp="2026-03-06T17:34:44.819" classname="SupabaseAdapterTest" />
    <testcase name="Upsert_Success_ReturnsFirstRecord" file="/Users/rmac/Documents/GitHub/metabuilder-small/dbal/production/tests/unit/supabase_adapter_test.cpp" line="393" status="run" result="completed" time="0." timestamp="2026-03-06T17:34:44.819" classname="SupabaseAdapterTest" />
    <testcase name="Upsert_HttpError_ReturnsError" file="/Users/rmac/Documents/GitHub/metabuilder-small/dbal/production/tests/unit/supabase_adapter_test.cpp" line="404" status="run" result="completed" time="0." timestamp="2026-03-06T17:34:44.819" classname="SupabaseAdapterTest" />
    <testcase name="Upsert_EmptyArrayResponse_ReturnsError" file="/Users/rmac/Documents/GitHub/metabuilder-small/dbal/production/tests/unit/supabase_adapter_test.cpp" line="412" status="run" result="completed" time="0." timestamp="2026-03-06T17:34:44.819" classname="SupabaseAdapterTest" />
    <testcase name="Close_InRestApiMode_IsNoOp" file="/Users/rmac/Documents/GitHub/metabuilder-small/dbal/production/tests/unit/supabase_adapter_test.cpp" line="477" status="run" result="completed" time="0." timestamp="2026-03-06T17:34:44.819" classname="SupabaseAdapterTest" />
    <testcase name="BeginAndCommit_WithActiveTx_Succeeds" file="/Users/rmac/Documents/GitHub/metabuilder-small/dbal/production/tests/unit/supabase_adapter_test.cpp" line="546" status="run" result="completed" time="0." timestamp="2026-03-06T17:34:44.819" classname="SupabaseAdapterTest" />
    <testcase name="Create_InActiveTx_RecordsCompensatingCreate" file="/Users/rmac/Documents/GitHub/metabuilder-small/dbal/production/tests/unit/supabase_adapter_test.cpp" line="553" status="run" result="completed" time="0." timestamp="2026-03-06T17:34:44.819" classname="SupabaseAdapterTest" />
    <testcase name="Update_InActiveTx_SnapshotsOldData" file="/Users/rmac/Documents/GitHub/metabuilder-small/dbal/production/tests/unit/supabase_adapter_test.cpp" line="570" status="run" result="completed" time="0." timestamp="2026-03-06T17:34:44.819" classname="SupabaseAdapterTest" />
    <testcase name="Remove_InActiveTx_SnapshotsOldData" file="/Users/rmac/Documents/GitHub/metabuilder-small/dbal/production/tests/unit/supabase_adapter_test.cpp" line="594" status="run" result="completed" time="0." timestamp="2026-03-06T17:34:44.819" classname="SupabaseAdapterTest" />
  </testsuite>
  <testsuite name="SupabaseAdapterSchemaTest" tests="4" failures="0" disabled="0" skipped="0" errors="0" time="0." timestamp="2026-03-06T17:34:44.819">
    <testcase name="GetAvailableEntities_ReturnsEntityNames" file="/Users/rmac/Documents/GitHub/metabuilder-small/dbal/production/tests/unit/supabase_adapter_test.cpp" line="439" status="run" result="completed" time="0." timestamp="2026-03-06T17:34:44.819" classname="SupabaseAdapterSchemaTest" />
    <testcase name="GetEntitySchema_KnownEntity_ReturnsConvertedSchema" file="/Users/rmac/Documents/GitHub/metabuilder-small/dbal/production/tests/unit/supabase_adapter_test.cpp" line="453" status="run" result="completed" time="0." timestamp="2026-03-06T17:34:44.819" classname="SupabaseAdapterSchemaTest" />
    <testcase name="GetEntitySchema_UnknownEntity_ReturnsNotFound" file="/Users/rmac/Documents/GitHub/metabuilder-small/dbal/production/tests/unit/supabase_adapter_test.cpp" line="468" status="run" result="completed" time="0." timestamp="2026-03-06T17:34:44.819" classname="SupabaseAdapterSchemaTest" />
    <testcase name="GetEntitySchema_FieldWithDefault_CoversDefaultBranch" file="/Users/rmac/Documents/GitHub/metabuilder-small/dbal/production/tests/unit/supabase_adapter_test.cpp" line="619" status="run" result="completed" time="0." timestamp="2026-03-06T17:34:44.819" classname="SupabaseAdapterSchemaTest" />
  </testsuite>
  <testsuite name="SupabaseAdapterCtorTest" tests="5" failures="0" disabled="0" skipped="0" errors="0" time="0.134" timestamp="2026-03-06T17:34:44.819">
    <testcase name="EmptyUrl_ThrowsRuntimeError" file="/Users/rmac/Documents/GitHub/metabuilder-small/dbal/production/tests/unit/supabase_adapter_test.cpp" line="486" status="run" result="completed" time="0." timestamp="2026-03-06T17:34:44.819" classname="SupabaseAdapterCtorTest" />
    <testcase name="EmptyApiKey_RestMode_ThrowsRuntimeError" file="/Users/rmac/Documents/GitHub/metabuilder-small/dbal/production/tests/unit/supabase_adapter_test.cpp" line="494" status="run" result="completed" time="0." timestamp="2026-03-06T17:34:44.819" classname="SupabaseAdapterCtorTest" />
    <testcase name="ValidConfig_TestBuild_ThrowsLogicError" file="/Users/rmac/Documents/GitHub/metabuilder-small/dbal/production/tests/unit/supabase_adapter_test.cpp" line="504" status="run" result="completed" time="0.016" timestamp="2026-03-06T17:34:44.819" classname="SupabaseAdapterCtorTest" />
    <testcase name="PostgresMode_InvalidUrl_ThrowsRuntimeError" file="/Users/rmac/Documents/GitHub/metabuilder-small/dbal/production/tests/unit/supabase_adapter_test.cpp" line="519" status="run" result="completed" time="0.011" timestamp="2026-03-06T17:34:44.835" classname="SupabaseAdapterCtorTest" />
    <testcase name="PostgresMode_ValidUrl_ThrowsOnPostgresInit" file="/Users/rmac/Documents/GitHub/metabuilder-small/dbal/production/tests/unit/supabase_adapter_test.cpp" line="529" status="run" result="completed" time="0.107" timestamp="2026-03-06T17:34:44.847" classname="SupabaseAdapterCtorTest" />
  </testsuite>
  <testsuite name="SqlQueryBuilderTest" tests="10" failures="0" disabled="0" skipped="0" errors="0" time="0." timestamp="2026-03-06T17:34:44.954">
    <testcase name="BuildInsert_Postgres_ReturningClause" file="/Users/rmac/Documents/GitHub/metabuilder-small/dbal/production/tests/unit/sql_utils_test.cpp" line="49" status="run" result="completed" time="0." timestamp="2026-03-06T17:34:44.954" classname="SqlQueryBuilderTest" />
    <testcase name="BuildInsert_MySQL_NoReturning" file="/Users/rmac/Documents/GitHub/metabuilder-small/dbal/production/tests/unit/sql_utils_test.cpp" line="62" status="run" result="completed" time="0." timestamp="2026-03-06T17:34:44.954" classname="SqlQueryBuilderTest" />
    <testcase name="BuildInsert_SkipsIdAndCreatedAt" file="/Users/rmac/Documents/GitHub/metabuilder-small/dbal/production/tests/unit/sql_utils_test.cpp" line="74" status="run" result="completed" time="0." timestamp="2026-03-06T17:34:44.954" classname="SqlQueryBuilderTest" />
    <testcase name="BuildSelect_NoFilter" file="/Users/rmac/Documents/GitHub/metabuilder-small/dbal/production/tests/unit/sql_utils_test.cpp" line="87" status="run" result="completed" time="0." timestamp="2026-03-06T17:34:44.954" classname="SqlQueryBuilderTest" />
    <testcase name="BuildSelect_WithFilter_Postgres" file="/Users/rmac/Documents/GitHub/metabuilder-small/dbal/production/tests/unit/sql_utils_test.cpp" line="96" status="run" result="completed" time="0." timestamp="2026-03-06T17:34:44.954" classname="SqlQueryBuilderTest" />
    <testcase name="BuildUpdate_Postgres_HasReturning" file="/Users/rmac/Documents/GitHub/metabuilder-small/dbal/production/tests/unit/sql_utils_test.cpp" line="107" status="run" result="completed" time="0." timestamp="2026-03-06T17:34:44.954" classname="SqlQueryBuilderTest" />
    <testcase name="BuildUpdate_NoFields_ReturnsEmpty" file="/Users/rmac/Documents/GitHub/metabuilder-small/dbal/production/tests/unit/sql_utils_test.cpp" line="119" status="run" result="completed" time="0." timestamp="2026-03-06T17:34:44.954" classname="SqlQueryBuilderTest" />
    <testcase name="BuildDelete_MySQL_Placeholder" file="/Users/rmac/Documents/GitHub/metabuilder-small/dbal/production/tests/unit/sql_utils_test.cpp" line="128" status="run" result="completed" time="0." timestamp="2026-03-06T17:34:44.954" classname="SqlQueryBuilderTest" />
    <testcase name="BuildList_WithPagination" file="/Users/rmac/Documents/GitHub/metabuilder-small/dbal/production/tests/unit/sql_utils_test.cpp" line="134" status="run" result="completed" time="0." timestamp="2026-03-06T17:34:44.954" classname="SqlQueryBuilderTest" />
    <testcase name="BuildList_WithFilter_MySQL" file="/Users/rmac/Documents/GitHub/metabuilder-small/dbal/production/tests/unit/sql_utils_test.cpp" line="147" status="run" result="completed" time="0." timestamp="2026-03-06T17:34:44.954" classname="SqlQueryBuilderTest" />
  </testsuite>
  <testsuite name="SqlTypeMapperTest" tests="20" failures="0" disabled="0" skipped="0" errors="0" time="0." timestamp="2026-03-06T17:34:44.954">
    <testcase name="YamlToSqlType_String_ReturnsVarchar" file="/Users/rmac/Documents/GitHub/metabuilder-small/dbal/production/tests/unit/sql_utils_test.cpp" line="163" status="run" result="completed" time="0." timestamp="2026-03-06T17:34:44.954" classname="SqlTypeMapperTest" />
    <testcase name="YamlToSqlType_Boolean_MySQL_TinyInt" file="/Users/rmac/Documents/GitHub/metabuilder-small/dbal/production/tests/unit/sql_utils_test.cpp" line="168" status="run" result="completed" time="0." timestamp="2026-03-06T17:34:44.954" classname="SqlTypeMapperTest" />
    <testcase name="YamlToSqlType_Json_Postgres_JSONB" file="/Users/rmac/Documents/GitHub/metabuilder-small/dbal/production/tests/unit/sql_utils_test.cpp" line="173" status="run" result="completed" time="0." timestamp="2026-03-06T17:34:44.954" classname="SqlTypeMapperTest" />
    <testcase name="YamlToSqlType_UUID_Postgres_UUID" file="/Users/rmac/Documents/GitHub/metabuilder-small/dbal/production/tests/unit/sql_utils_test.cpp" line="178" status="run" result="completed" time="0." timestamp="2026-03-06T17:34:44.954" classname="SqlTypeMapperTest" />
    <testcase name="YamlToSqlType_DateTime_MySQL_DATETIME" file="/Users/rmac/Documents/GitHub/metabuilder-small/dbal/production/tests/unit/sql_utils_test.cpp" line="183" status="run" result="completed" time="0." timestamp="2026-03-06T17:34:44.954" classname="SqlTypeMapperTest" />
    <testcase name="YamlToSqlType_Integer_ReturnsINTEGER" file="/Users/rmac/Documents/GitHub/metabuilder-small/dbal/production/tests/unit/sql_utils_test.cpp" line="188" status="run" result="completed" time="0." timestamp="2026-03-06T17:34:44.954" classname="SqlTypeMapperTest" />
    <testcase name="YamlToSqlType_Bigint_ReturnsBIGINT" file="/Users/rmac/Documents/GitHub/metabuilder-small/dbal/production/tests/unit/sql_utils_test.cpp" line="194" status="run" result="completed" time="0." timestamp="2026-03-06T17:34:44.954" classname="SqlTypeMapperTest" />
    <testcase name="YamlToSqlType_Text_ReturnsTEXT" file="/Users/rmac/Documents/GitHub/metabuilder-small/dbal/production/tests/unit/sql_utils_test.cpp" line="199" status="run" result="completed" time="0." timestamp="2026-03-06T17:34:44.954" classname="SqlTypeMapperTest" />
    <testcase name="YamlToSqlType_Unknown_FallsBackToVarchar" file="/Users/rmac/Documents/GitHub/metabuilder-small/dbal/production/tests/unit/sql_utils_test.cpp" line="203" status="run" result="completed" time="0." timestamp="2026-03-06T17:34:44.954" classname="SqlTypeMapperTest" />
    <testcase name="JsonValueToString_Null_ReturnsEmpty" file="/Users/rmac/Documents/GitHub/metabuilder-small/dbal/production/tests/unit/sql_utils_test.cpp" line="207" status="run" result="completed" time="0." timestamp="2026-03-06T17:34:44.954" classname="SqlTypeMapperTest" />
    <testcase name="JsonValueToString_Bool" file="/Users/rmac/Documents/GitHub/metabuilder-small/dbal/production/tests/unit/sql_utils_test.cpp" line="211" status="run" result="completed" time="0." timestamp="2026-03-06T17:34:44.954" classname="SqlTypeMapperTest" />
    <testcase name="JsonValueToString_Number" file="/Users/rmac/Documents/GitHub/metabuilder-small/dbal/production/tests/unit/sql_utils_test.cpp" line="216" status="run" result="completed" time="0." timestamp="2026-03-06T17:34:44.954" classname="SqlTypeMapperTest" />
    <testcase name="JsonValueToString_String" file="/Users/rmac/Documents/GitHub/metabuilder-small/dbal/production/tests/unit/sql_utils_test.cpp" line="220" status="run" result="completed" time="0." timestamp="2026-03-06T17:34:44.954" classname="SqlTypeMapperTest" />
    <testcase name="JsonValueToString_Object_Dumps" file="/Users/rmac/Documents/GitHub/metabuilder-small/dbal/production/tests/unit/sql_utils_test.cpp" line="224" status="run" result="completed" time="0." timestamp="2026-03-06T17:34:44.954" classname="SqlTypeMapperTest" />
    <testcase name="SqlValueToJson_Empty_ReturnsNull" file="/Users/rmac/Documents/GitHub/metabuilder-small/dbal/production/tests/unit/sql_utils_test.cpp" line="229" status="run" result="completed" time="0." timestamp="2026-03-06T17:34:44.954" classname="SqlTypeMapperTest" />
    <testcase name="SqlValueToJson_Boolean_Various" file="/Users/rmac/Documents/GitHub/metabuilder-small/dbal/production/tests/unit/sql_utils_test.cpp" line="233" status="run" result="completed" time="0." timestamp="2026-03-06T17:34:44.954" classname="SqlTypeMapperTest" />
    <testcase name="SqlValueToJson_Numeric" file="/Users/rmac/Documents/GitHub/metabuilder-small/dbal/production/tests/unit/sql_utils_test.cpp" line="241" status="run" result="completed" time="0." timestamp="2026-03-06T17:34:44.954" classname="SqlTypeMapperTest" />
    <testcase name="SqlValueToJson_String_PassThrough" file="/Users/rmac/Documents/GitHub/metabuilder-small/dbal/production/tests/unit/sql_utils_test.cpp" line="245" status="run" result="completed" time="0." timestamp="2026-03-06T17:34:44.954" classname="SqlTypeMapperTest" />
    <testcase name="ToSnakeCase_PascalCase" file="/Users/rmac/Documents/GitHub/metabuilder-small/dbal/production/tests/unit/sql_utils_test.cpp" line="249" status="run" result="completed" time="0." timestamp="2026-03-06T17:34:44.954" classname="SqlTypeMapperTest" />
    <testcase name="SqlValueToJson_InvalidNumericString_ReturnsNull" file="/Users/rmac/Documents/GitHub/metabuilder-small/dbal/production/tests/unit/sql_utils_test.cpp" line="639" status="run" result="completed" time="0." timestamp="2026-03-06T17:34:44.954" classname="SqlTypeMapperTest" />
  </testsuite>
  <testsuite name="SqlTemplateGeneratorTest" tests="13" failures="0" disabled="0" skipped="0" errors="0" time="0.001" timestamp="2026-03-06T17:34:44.954">
    <testcase name="GenerateIndexes_PostgreSQL_ReturnsIndexSQL" file="/Users/rmac/Documents/GitHub/metabuilder-small/dbal/production/tests/unit/sql_utils_test.cpp" line="322" status="run" result="completed" time="0." timestamp="2026-03-06T17:34:44.954" classname="SqlTemplateGeneratorTest" />
    <testcase name="GenerateIndexes_MySQL_ReturnsIndexSQL" file="/Users/rmac/Documents/GitHub/metabuilder-small/dbal/production/tests/unit/sql_utils_test.cpp" line="329" status="run" result="completed" time="0." timestamp="2026-03-06T17:34:44.954" classname="SqlTemplateGeneratorTest" />
    <testcase name="EntityWithMinLength_GeneratesCheck" file="/Users/rmac/Documents/GitHub/metabuilder-small/dbal/production/tests/unit/sql_utils_test.cpp" line="336" status="run" result="completed" time="0." timestamp="2026-03-06T17:34:44.955" classname="SqlTemplateGeneratorTest" />
    <testcase name="AlterAddColumn_PostgreSQL_ProducesSQL" file="/Users/rmac/Documents/GitHub/metabuilder-small/dbal/production/tests/unit/sql_utils_test.cpp" line="347" status="run" result="completed" time="0." timestamp="2026-03-06T17:34:44.955" classname="SqlTemplateGeneratorTest" />
    <testcase name="AlterAddColumn_MySQL_ProducesSQL" file="/Users/rmac/Documents/GitHub/metabuilder-small/dbal/production/tests/unit/sql_utils_test.cpp" line="354" status="run" result="completed" time="0." timestamp="2026-03-06T17:34:44.955" classname="SqlTemplateGeneratorTest" />
    <testcase name="BooleanDefaultForPostgres_InOutput" file="/Users/rmac/Documents/GitHub/metabuilder-small/dbal/production/tests/unit/sql_utils_test.cpp" line="362" status="run" result="completed" time="0." timestamp="2026-03-06T17:34:44.955" classname="SqlTemplateGeneratorTest" />
    <testcase name="CreatedAtTimestampDefault_AllDialects" file="/Users/rmac/Documents/GitHub/metabuilder-small/dbal/production/tests/unit/sql_utils_test.cpp" line="373" status="run" result="completed" time="0." timestamp="2026-03-06T17:34:44.955" classname="SqlTemplateGeneratorTest" />
    <testcase name="IndexSkip_WhenFieldAlreadyUnique" file="/Users/rmac/Documents/GitHub/metabuilder-small/dbal/production/tests/unit/sql_utils_test.cpp" line="385" status="run" result="completed" time="0." timestamp="2026-03-06T17:34:44.955" classname="SqlTemplateGeneratorTest" />
    <testcase name="AlterAddColumn_SQLite_ProducesSQL" file="/Users/rmac/Documents/GitHub/metabuilder-small/dbal/production/tests/unit/sql_utils_test.cpp" line="401" status="run" result="completed" time="0." timestamp="2026-03-06T17:34:44.955" classname="SqlTemplateGeneratorTest" />
    <testcase name="EntityWithJsonField_PostgreSQL_UsesJsonb" file="/Users/rmac/Documents/GitHub/metabuilder-small/dbal/production/tests/unit/sql_utils_test.cpp" line="408" status="run" result="completed" time="0." timestamp="2026-03-06T17:34:44.955" classname="SqlTemplateGeneratorTest" />
    <testcase name="StringDefaultValue_Quoted" file="/Users/rmac/Documents/GitHub/metabuilder-small/dbal/production/tests/unit/sql_utils_test.cpp" line="809" status="run" result="completed" time="0." timestamp="2026-03-06T17:34:44.955" classname="SqlTemplateGeneratorTest" />
    <testcase name="NonUuidPrimaryKey_AutoDefault_AllDialects" file="/Users/rmac/Documents/GitHub/metabuilder-small/dbal/production/tests/unit/sql_utils_test.cpp" line="820" status="run" result="completed" time="0." timestamp="2026-03-06T17:34:44.955" classname="SqlTemplateGeneratorTest" />
    <testcase name="EmptyIndexFields_Skipped" file="/Users/rmac/Documents/GitHub/metabuilder-small/dbal/production/tests/unit/sql_utils_test.cpp" line="833" status="run" result="completed" time="0." timestamp="2026-03-06T17:34:44.956" classname="SqlTemplateGeneratorTest" />
  </testsuite>
  <testsuite name="SchemaLoaderTest" tests="20" failures="0" disabled="0" skipped="0" errors="0" time="0.005" timestamp="2026-03-06T17:34:44.956">
    <testcase name="LoadFromFile_NonExistent_ReturnsNullopt" file="/Users/rmac/Documents/GitHub/metabuilder-small/dbal/production/tests/unit/sql_utils_test.cpp" line="424" status="run" result="completed" time="0." timestamp="2026-03-06T17:34:44.956" classname="SchemaLoaderTest" />
    <testcase name="LoadFromFile_ValidJson_WithEntityKey" file="/Users/rmac/Documents/GitHub/metabuilder-small/dbal/production/tests/unit/sql_utils_test.cpp" line="429" status="run" result="completed" time="0." timestamp="2026-03-06T17:34:44.956" classname="SchemaLoaderTest" />
    <testcase name="LoadFromFile_WithDisplayNameKey" file="/Users/rmac/Documents/GitHub/metabuilder-small/dbal/production/tests/unit/sql_utils_test.cpp" line="439" status="run" result="completed" time="0." timestamp="2026-03-06T17:34:44.956" classname="SchemaLoaderTest" />
    <testcase name="LoadFromFile_WithNameKey_Capitalized" file="/Users/rmac/Documents/GitHub/metabuilder-small/dbal/production/tests/unit/sql_utils_test.cpp" line="448" status="run" result="completed" time="0." timestamp="2026-03-06T17:34:44.957" classname="SchemaLoaderTest" />
    <testcase name="LoadFromFile_ArrayOfEntities_UsesFirst" file="/Users/rmac/Documents/GitHub/metabuilder-small/dbal/production/tests/unit/sql_utils_test.cpp" line="457" status="run" result="completed" time="0." timestamp="2026-03-06T17:34:44.957" classname="SchemaLoaderTest" />
    <testcase name="LoadFromFile_WithIndexes" file="/Users/rmac/Documents/GitHub/metabuilder-small/dbal/production/tests/unit/sql_utils_test.cpp" line="466" status="run" result="completed" time="0." timestamp="2026-03-06T17:34:44.957" classname="SchemaLoaderTest" />
    <testcase name="LoadFromFile_WithRelations" file="/Users/rmac/Documents/GitHub/metabuilder-small/dbal/production/tests/unit/sql_utils_test.cpp" line="475" status="run" result="completed" time="0." timestamp="2026-03-06T17:34:44.957" classname="SchemaLoaderTest" />
    <testcase name="LoadFromDirectory_EmptyDir_ReturnsEmpty" file="/Users/rmac/Documents/GitHub/metabuilder-small/dbal/production/tests/unit/sql_utils_test.cpp" line="484" status="run" result="completed" time="0." timestamp="2026-03-06T17:34:44.957" classname="SchemaLoaderTest" />
    <testcase name="LoadFromFile_NoNameKey_ReturnsNullopt" file="/Users/rmac/Documents/GitHub/metabuilder-small/dbal/production/tests/unit/sql_utils_test.cpp" line="494" status="run" result="completed" time="0." timestamp="2026-03-06T17:34:44.957" classname="SchemaLoaderTest" />
    <testcase name="LoadFromFile_RelationshipField_Skipped" file="/Users/rmac/Documents/GitHub/metabuilder-small/dbal/production/tests/unit/sql_utils_test.cpp" line="502" status="run" result="completed" time="0." timestamp="2026-03-06T17:34:44.958" classname="SchemaLoaderTest" />
    <testcase name="LoadFromFile_DatetimeAndNumberTypes_Remapped" file="/Users/rmac/Documents/GitHub/metabuilder-small/dbal/production/tests/unit/sql_utils_test.cpp" line="512" status="run" result="completed" time="0." timestamp="2026-03-06T17:34:44.958" classname="SchemaLoaderTest" />
    <testcase name="LoadFromFile_FieldWithPrimaryKey_AndConstraints" file="/Users/rmac/Documents/GitHub/metabuilder-small/dbal/production/tests/unit/sql_utils_test.cpp" line="522" status="run" result="completed" time="0." timestamp="2026-03-06T17:34:44.958" classname="SchemaLoaderTest" />
    <testcase name="LoadFromFile_NonStringDefault_Converted" file="/Users/rmac/Documents/GitHub/metabuilder-small/dbal/production/tests/unit/sql_utils_test.cpp" line="542" status="run" result="completed" time="0." timestamp="2026-03-06T17:34:44.959" classname="SchemaLoaderTest" />
    <testcase name="LoadFromFile_TenantIdAutoAdd" file="/Users/rmac/Documents/GitHub/metabuilder-small/dbal/production/tests/unit/sql_utils_test.cpp" line="552" status="run" result="completed" time="0." timestamp="2026-03-06T17:34:44.959" classname="SchemaLoaderTest" />
    <testcase name="LoadFromFile_WithQueryConfig" file="/Users/rmac/Documents/GitHub/metabuilder-small/dbal/production/tests/unit/sql_utils_test.cpp" line="564" status="run" result="completed" time="0." timestamp="2026-03-06T17:34:44.959" classname="SchemaLoaderTest" />
    <testcase name="LoadFromDirectory_WithJsonFiles_ReturnsEntities" file="/Users/rmac/Documents/GitHub/metabuilder-small/dbal/production/tests/unit/sql_utils_test.cpp" line="575" status="run" result="completed" time="0." timestamp="2026-03-06T17:34:44.959" classname="SchemaLoaderTest" />
    <testcase name="LoadFromFile_StringDefault_Covered" file="/Users/rmac/Documents/GitHub/metabuilder-small/dbal/production/tests/unit/sql_utils_test.cpp" line="667" status="run" result="completed" time="0." timestamp="2026-03-06T17:34:44.960" classname="SchemaLoaderTest" />
    <testcase name="LoadFromFile_MalformedJson_ReturnsNullopt" file="/Users/rmac/Documents/GitHub/metabuilder-small/dbal/production/tests/unit/sql_utils_test.cpp" line="678" status="run" result="completed" time="0." timestamp="2026-03-06T17:34:44.960" classname="SchemaLoaderTest" />
    <testcase name="LoadFromDirectory_NameVariants" file="/Users/rmac/Documents/GitHub/metabuilder-small/dbal/production/tests/unit/sql_utils_test.cpp" line="687" status="run" result="completed" time="0." timestamp="2026-03-06T17:34:44.960" classname="SchemaLoaderTest" />
    <testcase name="LoadFromDirectory_WithRelationsAndQueryConfig" file="/Users/rmac/Documents/GitHub/metabuilder-small/dbal/production/tests/unit/sql_utils_test.cpp" line="702" status="run" result="completed" time="0." timestamp="2026-03-06T17:34:44.961" classname="SchemaLoaderTest" />
  </testsuite>
  <testsuite name="SqlWhereBuilderTest" tests="10" failures="0" disabled="0" skipped="0" errors="0" time="0." timestamp="2026-03-06T17:34:44.961">
    <testcase name="Ne_ProducesNotEqualClause" file="/Users/rmac/Documents/GitHub/metabuilder-small/dbal/production/tests/unit/sql_utils_test.cpp" line="602" status="run" result="completed" time="0." timestamp="2026-03-06T17:34:44.961" classname="SqlWhereBuilderTest" />
    <testcase name="Lt_ProducesLessThan" file="/Users/rmac/Documents/GitHub/metabuilder-small/dbal/production/tests/unit/sql_utils_test.cpp" line="607" status="run" result="completed" time="0." timestamp="2026-03-06T17:34:44.961" classname="SqlWhereBuilderTest" />
    <testcase name="Lte_ProducesLessThanOrEqual" file="/Users/rmac/Documents/GitHub/metabuilder-small/dbal/production/tests/unit/sql_utils_test.cpp" line="612" status="run" result="completed" time="0." timestamp="2026-03-06T17:34:44.961" classname="SqlWhereBuilderTest" />
    <testcase name="Gt_ProducesGreaterThan" file="/Users/rmac/Documents/GitHub/metabuilder-small/dbal/production/tests/unit/sql_utils_test.cpp" line="617" status="run" result="completed" time="0." timestamp="2026-03-06T17:34:44.961" classname="SqlWhereBuilderTest" />
    <testcase name="ILike_MySQL_ProducesLower" file="/Users/rmac/Documents/GitHub/metabuilder-small/dbal/production/tests/unit/sql_utils_test.cpp" line="622" status="run" result="completed" time="0." timestamp="2026-03-06T17:34:44.961" classname="SqlWhereBuilderTest" />
    <testcase name="IsNotNull_ProducesIsNotNull" file="/Users/rmac/Documents/GitHub/metabuilder-small/dbal/production/tests/unit/sql_utils_test.cpp" line="628" status="run" result="completed" time="0." timestamp="2026-03-06T17:34:44.961" classname="SqlWhereBuilderTest" />
    <testcase name="Between_ProducesBetweenClause" file="/Users/rmac/Documents/GitHub/metabuilder-small/dbal/production/tests/unit/sql_utils_test.cpp" line="633" status="run" result="completed" time="0." timestamp="2026-03-06T17:34:44.961" classname="SqlWhereBuilderTest" />
    <testcase name="Gte_ProducesGreaterThanOrEqual" file="/Users/rmac/Documents/GitHub/metabuilder-small/dbal/production/tests/unit/sql_utils_test.cpp" line="645" status="run" result="completed" time="0." timestamp="2026-03-06T17:34:44.961" classname="SqlWhereBuilderTest" />
    <testcase name="AggregateSelect_CoversSumAvgMinMax" file="/Users/rmac/Documents/GitHub/metabuilder-small/dbal/production/tests/unit/sql_utils_test.cpp" line="651" status="run" result="completed" time="0." timestamp="2026-03-06T17:34:44.961" classname="SqlWhereBuilderTest" />
    <testcase name="OrGroup_SingleCondition_NoExtraParens" file="/Users/rmac/Documents/GitHub/metabuilder-small/dbal/production/tests/unit/sql_utils_test.cpp" line="722" status="run" result="completed" time="0." timestamp="2026-03-06T17:34:44.961" classname="SqlWhereBuilderTest" />
  </testsuite>
  <testsuite name="MySqlErrorMapperTest" tests="7" failures="0" disabled="0" skipped="0" errors="0" time="0." timestamp="2026-03-06T17:34:44.961">
    <testcase name="UniqueViolation_1062" file="/Users/rmac/Documents/GitHub/metabuilder-small/dbal/production/tests/unit/sql_utils_test.cpp" line="741" status="run" result="completed" time="0." timestamp="2026-03-06T17:34:44.961" classname="MySqlErrorMapperTest" />
    <testcase name="UniqueViolationWithKey_1586" file="/Users/rmac/Documents/GitHub/metabuilder-small/dbal/production/tests/unit/sql_utils_test.cpp" line="745" status="run" result="completed" time="0." timestamp="2026-03-06T17:34:44.961" classname="MySqlErrorMapperTest" />
    <testcase name="ForeignKey_1451_And_1452" file="/Users/rmac/Documents/GitHub/metabuilder-small/dbal/production/tests/unit/sql_utils_test.cpp" line="749" status="run" result="completed" time="0." timestamp="2026-03-06T17:34:44.961" classname="MySqlErrorMapperTest" />
    <testcase name="NotFound_1146" file="/Users/rmac/Documents/GitHub/metabuilder-small/dbal/production/tests/unit/sql_utils_test.cpp" line="754" status="run" result="completed" time="0." timestamp="2026-03-06T17:34:44.961" classname="MySqlErrorMapperTest" />
    <testcase name="Timeout_1205" file="/Users/rmac/Documents/GitHub/metabuilder-small/dbal/production/tests/unit/sql_utils_test.cpp" line="758" status="run" result="completed" time="0." timestamp="2026-03-06T17:34:44.961" classname="MySqlErrorMapperTest" />
    <testcase name="ConnectionLost_2006_And_2013" file="/Users/rmac/Documents/GitHub/metabuilder-small/dbal/production/tests/unit/sql_utils_test.cpp" line="762" status="run" result="completed" time="0." timestamp="2026-03-06T17:34:44.961" classname="MySqlErrorMapperTest" />
    <testcase name="Unknown_Fallthrough" file="/Users/rmac/Documents/GitHub/metabuilder-small/dbal/production/tests/unit/sql_utils_test.cpp" line="767" status="run" result="completed" time="0." timestamp="2026-03-06T17:34:44.961" classname="MySqlErrorMapperTest" />
  </testsuite>
  <testsuite name="PgErrorMapperTest" tests="7" failures="0" disabled="0" skipped="0" errors="0" time="0." timestamp="2026-03-06T17:34:44.961">
    <testcase name="NullState_IsUnknown" file="/Users/rmac/Documents/GitHub/metabuilder-small/dbal/production/tests/unit/sql_utils_test.cpp" line="775" status="run" result="completed" time="0." timestamp="2026-03-06T17:34:44.961" classname="PgErrorMapperTest" />
    <testcase name="UniqueViolation_23505" file="/Users/rmac/Documents/GitHub/metabuilder-small/dbal/production/tests/unit/sql_utils_test.cpp" line="779" status="run" result="completed" time="0." timestamp="2026-03-06T17:34:44.961" classname="PgErrorMapperTest" />
    <testcase name="ForeignKeyViolation_23503" file="/Users/rmac/Documents/GitHub/metabuilder-small/dbal/production/tests/unit/sql_utils_test.cpp" line="783" status="run" result="completed" time="0." timestamp="2026-03-06T17:34:44.961" classname="PgErrorMapperTest" />
    <testcase name="UndefinedTable_42P01_IsNotFound" file="/Users/rmac/Documents/GitHub/metabuilder-small/dbal/production/tests/unit/sql_utils_test.cpp" line="787" status="run" result="completed" time="0." timestamp="2026-03-06T17:34:44.961" classname="PgErrorMapperTest" />
    <testcase name="QueryCanceled_57014_IsTimeout" file="/Users/rmac/Documents/GitHub/metabuilder-small/dbal/production/tests/unit/sql_utils_test.cpp" line="791" status="run" result="completed" time="0." timestamp="2026-03-06T17:34:44.961" classname="PgErrorMapperTest" />
    <testcase name="ConnectionException_08xxx_IsConnectionLost" file="/Users/rmac/Documents/GitHub/metabuilder-small/dbal/production/tests/unit/sql_utils_test.cpp" line="795" status="run" result="completed" time="0." timestamp="2026-03-06T17:34:44.961" classname="PgErrorMapperTest" />
    <testcase name="Unknown_IsUnknown" file="/Users/rmac/Documents/GitHub/metabuilder-small/dbal/production/tests/unit/sql_utils_test.cpp" line="800" status="run" result="completed" time="0." timestamp="2026-03-06T17:34:44.961" classname="PgErrorMapperTest" />
  </testsuite>
  <testsuite name="SqlResultParserTest" tests="10" failures="0" disabled="0" skipped="0" errors="0" time="0." timestamp="2026-03-06T17:34:44.961">
    <testcase name="RowToJson_StringField" file="/Users/rmac/Documents/GitHub/metabuilder-small/dbal/production/tests/unit/sql_parser_test.cpp" line="44" status="run" result="completed" time="0." timestamp="2026-03-06T17:34:44.961" classname="SqlResultParserTest" />
    <testcase name="RowToJson_NumericField" file="/Users/rmac/Documents/GitHub/metabuilder-small/dbal/production/tests/unit/sql_parser_test.cpp" line="54" status="run" result="completed" time="0." timestamp="2026-03-06T17:34:44.961" classname="SqlResultParserTest" />
    <testcase name="RowToJson_BooleanField" file="/Users/rmac/Documents/GitHub/metabuilder-small/dbal/production/tests/unit/sql_parser_test.cpp" line="69" status="run" result="completed" time="0." timestamp="2026-03-06T17:34:44.961" classname="SqlResultParserTest" />
    <testcase name="RowToJson_MissingColumn_NullForOptional" file="/Users/rmac/Documents/GitHub/metabuilder-small/dbal/production/tests/unit/sql_parser_test.cpp" line="79" status="run" result="completed" time="0." timestamp="2026-03-06T17:34:44.961" classname="SqlResultParserTest" />
    <testcase name="RowsToJson_MultipleRows" file="/Users/rmac/Documents/GitHub/metabuilder-small/dbal/production/tests/unit/sql_parser_test.cpp" line="89" status="run" result="completed" time="0." timestamp="2026-03-06T17:34:44.961" classname="SqlResultParserTest" />
    <testcase name="JsonToParams_SkipsIdAndCreatedAt" file="/Users/rmac/Documents/GitHub/metabuilder-small/dbal/production/tests/unit/sql_parser_test.cpp" line="100" status="run" result="completed" time="0." timestamp="2026-03-06T17:34:44.961" classname="SqlResultParserTest" />
    <testcase name="JsonToParams_PrependId" file="/Users/rmac/Documents/GitHub/metabuilder-small/dbal/production/tests/unit/sql_parser_test.cpp" line="113" status="run" result="completed" time="0." timestamp="2026-03-06T17:34:44.961" classname="SqlResultParserTest" />
    <testcase name="ParseValue_RequiredField_EmptyValue_ReturnsString" file="/Users/rmac/Documents/GitHub/metabuilder-small/dbal/production/tests/unit/sql_parser_test.cpp" line="394" status="run" result="completed" time="0." timestamp="2026-03-06T17:34:44.961" classname="SqlResultParserTest" />
    <testcase name="ParseValue_IntegerField_InvalidString_ReturnsNull" file="/Users/rmac/Documents/GitHub/metabuilder-small/dbal/production/tests/unit/sql_parser_test.cpp" line="408" status="run" result="completed" time="0." timestamp="2026-03-06T17:34:44.961" classname="SqlResultParserTest" />
    <testcase name="ParseValue_BigintField_NonEmptyValue_ReturnsInt" file="/Users/rmac/Documents/GitHub/metabuilder-small/dbal/production/tests/unit/sql_parser_test.cpp" line="420" status="run" result="completed" time="0." timestamp="2026-03-06T17:34:44.961" classname="SqlResultParserTest" />
  </testsuite>
  <testsuite name="ErrorTranslatorTest" tests="54" failures="0" disabled="0" skipped="0" errors="0" time="0." timestamp="2026-03-06T17:34:44.961">
    <testcase name="FromSQLite_Constraint_IsConflict" file="/Users/rmac/Documents/GitHub/metabuilder-small/dbal/production/tests/unit/sql_parser_test.cpp" line="127" status="run" result="completed" time="0." timestamp="2026-03-06T17:34:44.961" classname="ErrorTranslatorTest" />
    <testcase name="FromSQLite_Locked_IsDatabaseError" file="/Users/rmac/Documents/GitHub/metabuilder-small/dbal/production/tests/unit/sql_parser_test.cpp" line="132" status="run" result="completed" time="0." timestamp="2026-03-06T17:34:44.961" classname="ErrorTranslatorTest" />
    <testcase name="FromSQLite_Readonly_IsForbidden" file="/Users/rmac/Documents/GitHub/metabuilder-small/dbal/production/tests/unit/sql_parser_test.cpp" line="137" status="run" result="completed" time="0." timestamp="2026-03-06T17:34:44.961" classname="ErrorTranslatorTest" />
    <testcase name="FromSQLite_Corrupt_IsDatabaseError" file="/Users/rmac/Documents/GitHub/metabuilder-small/dbal/production/tests/unit/sql_parser_test.cpp" line="142" status="run" result="completed" time="0." timestamp="2026-03-06T17:34:44.961" classname="ErrorTranslatorTest" />
    <testcase name="FromSQLite_Unknown_IsInternal" file="/Users/rmac/Documents/GitHub/metabuilder-small/dbal/production/tests/unit/sql_parser_test.cpp" line="147" status="run" result="completed" time="0." timestamp="2026-03-06T17:34:44.961" classname="ErrorTranslatorTest" />
    <testcase name="FromSQLite_AppendContext" file="/Users/rmac/Documents/GitHub/metabuilder-small/dbal/production/tests/unit/sql_parser_test.cpp" line="152" status="run" result="completed" time="0." timestamp="2026-03-06T17:34:44.961" classname="ErrorTranslatorTest" />
    <testcase name="FromPostgres_UniqueViolation_IsConflict" file="/Users/rmac/Documents/GitHub/metabuilder-small/dbal/production/tests/unit/sql_parser_test.cpp" line="157" status="run" result="completed" time="0." timestamp="2026-03-06T17:34:44.961" classname="ErrorTranslatorTest" />
    <testcase name="FromPostgres_ForeignKey_IsConflict" file="/Users/rmac/Documents/GitHub/metabuilder-small/dbal/production/tests/unit/sql_parser_test.cpp" line="162" status="run" result="completed" time="0." timestamp="2026-03-06T17:34:44.961" classname="ErrorTranslatorTest" />
    <testcase name="FromPostgres_OtherConstraint_IsValidation" file="/Users/rmac/Documents/GitHub/metabuilder-small/dbal/production/tests/unit/sql_parser_test.cpp" line="167" status="run" result="completed" time="0." timestamp="2026-03-06T17:34:44.961" classname="ErrorTranslatorTest" />
    <testcase name="FromPostgres_InsufficientPriv_IsForbidden" file="/Users/rmac/Documents/GitHub/metabuilder-small/dbal/production/tests/unit/sql_parser_test.cpp" line="172" status="run" result="completed" time="0." timestamp="2026-03-06T17:34:44.961" classname="ErrorTranslatorTest" />
[...]
    <testcase name="FieldTypeMappedCorrectly/10" value_param="48-byte object &lt;62-69 67-69 6E-74 00-00 01-00 00-00 00-00 00-00 60-C9 D4-0A 02-00 00-06 42-69 67-49 6E-74 00-FF 60-CE A9-0A 02-00 00-00 48-92 D4-0A 02-00 00-06&gt;" file="/Users/rmac/Documents/GitHub/metabuilder-small/dbal/production/tests/unit/prisma_gen_test.cpp" line="77" status="run" result="completed" time="0." timestamp="2026-03-06T17:34:45.016" classname="FieldTypes/PrismaFieldTypeTest" />
    <testcase name="FieldTypeMappedCorrectly/11" value_param="48-byte object &lt;6E-75 6D-62 65-72 00-00 00-00 00-00 00-00 00-00 00-00 00-00 00-00 00-06 53-74 72-69 6E-67 00-00 20-71 0B-6B 01-00 00-00 01-00 00-00 00-00 00-06&gt;" file="/Users/rmac/Documents/GitHub/metabuilder-small/dbal/production/tests/unit/prisma_gen_test.cpp" line="77" status="run" result="completed" time="0." timestamp="2026-03-06T17:34:45.016" classname="FieldTypes/PrismaFieldTypeTest" />
    <testcase name="FieldTypeMappedCorrectly/12" value_param="48-byte object &lt;72-61 72-65 5F-63 75-73 74-6F 6D-5F 74-79 70-65 00-1F A1-9E 01-00 00-10 53-74 72-69 6E-67 00-00 28-00 3A-CB 1F-B2 3E-5B 01-00 00-00 00-00 00-06&gt;" file="/Users/rmac/Documents/GitHub/metabuilder-small/dbal/production/tests/unit/prisma_gen_test.cpp" line="77" status="run" result="completed" time="0." timestamp="2026-03-06T17:34:45.016" classname="FieldTypes/PrismaFieldTypeTest" />
  </testsuite>
  <testsuite name="GeneratedFields/PrismaGeneratedFieldTest" tests="5" failures="0" disabled="0" skipped="0" errors="0" time="0." timestamp="2026-03-06T17:34:45.016">
    <testcase name="GeneratedField_HasAutoDefault/0" value_param="48-byte object &lt;75-75 69-64 00-00 00-00 01-00 00-00 00-00 00-00 20-36 00-FB 07-00 00-04 40-64 65-66 61-75 6C-74 28-75 75-69 64-28 29-29 00-36 00-FB 07-00 00-10&gt;" file="/Users/rmac/Documents/GitHub/metabuilder-small/dbal/production/tests/unit/prisma_gen_test.cpp" line="156" status="run" result="completed" time="0." timestamp="2026-03-06T17:34:45.016" classname="GeneratedFields/PrismaGeneratedFieldTest" />
    <testcase name="GeneratedField_HasAutoDefault/1" value_param="48-byte object &lt;63-75 69-64 00-00 00-00 F0-FF FF-FF FF-FF FF-FF 20-36 00-FB 07-00 00-04 40-64 65-66 61-75 6C-74 28-63 75-69 64-28 29-29 00-69 0B-6B 01-00 00-10&gt;" file="/Users/rmac/Documents/GitHub/metabuilder-small/dbal/production/tests/unit/prisma_gen_test.cpp" line="156" status="run" result="completed" time="0." timestamp="2026-03-06T17:34:45.016" classname="GeneratedFields/PrismaGeneratedFieldTest" />
    <testcase name="GeneratedField_HasAutoDefault/2" value_param="48-byte object &lt;62-69 67-69 6E-74 00-00 F0-FF FF-FF FF-FF FF-FF 60-CE A9-0A 02-00 00-06 40-64 65-66 61-75 6C-74 28-6E 6F-77 28-29 29-00 30-69 0B-6B 01-00 00-0F&gt;" file="/Users/rmac/Documents/GitHub/metabuilder-small/dbal/production/tests/unit/prisma_gen_test.cpp" line="156" status="run" result="completed" time="0." timestamp="2026-03-06T17:34:45.016" classname="GeneratedFields/PrismaGeneratedFieldTest" />
    <testcase name="GeneratedField_HasAutoDefault/3" value_param="48-byte object &lt;74-69 6D-65 73-74 61-6D 70-00 00-00 00-00 00-00 00-00 00-00 00-00 00-09 40-64 65-66 61-75 6C-74 28-6E 6F-77 28-29 29-00 01-00 00-00 00-00 00-0F&gt;" file="/Users/rmac/Documents/GitHub/metabuilder-small/dbal/production/tests/unit/prisma_gen_test.cpp" line="156" status="run" result="completed" time="0." timestamp="2026-03-06T17:34:45.016" classname="GeneratedFields/PrismaGeneratedFieldTest" />
    <testcase name="GeneratedField_HasAutoDefault/4" value_param="48-byte object &lt;69-6E 74-65 67-65 72-00 80-68 2A-08 01-00 00-00 58-36 00-FB 07-00 00-07 00-5F 00-D8 0C-00 00-00 19-00 00-00 00-00 00-00 20-00 00-00 00-00 00-80&gt;" file="/Users/rmac/Documents/GitHub/metabuilder-small/dbal/production/tests/unit/prisma_gen_test.cpp" line="156" status="run" result="completed" time="0." timestamp="2026-03-06T17:34:45.016" classname="GeneratedFields/PrismaGeneratedFieldTest" />
  </testsuite>
  <testsuite name="AllRelationVariants/PrismaRelationTest" tests="9" failures="0" disabled="0" skipped="0" errors="0" time="0." timestamp="2026-03-06T17:34:45.016">
    <testcase name="GenerateRelation_ProducesNonEmptyOutput/0" value_param="80-byte object &lt;62-65 6C-6F 6E-67 73-2D 74-6F 00-00 00-00 00-00 00-00 00-00 00-00 00-0A 00-C9 D4-0A 02-00 00-00 20-71 0B-6B 01-00 00-00 01-00 00-00 00-00 00-00 75-73 65-72 49-64 00-00 F0-FF FF-FF FF-FF FF-FF 60-CE A9-0A 02-00 00-06 00-00 00-00 00-00 00-00&gt;" file="/Users/rmac/Documents/GitHub/metabuilder-small/dbal/production/tests/unit/prisma_gen_test.cpp" line="242" status="run" result="completed" time="0." timestamp="2026-03-06T17:34:45.016" classname="AllRelationVariants/PrismaRelationTest" />
    <testcase name="GenerateRelation_ProducesNonEmptyOutput/1" value_param="80-byte object &lt;68-61 73-2D 6D-61 6E-79 00-C9 D4-0A 02-00 00-00 20-71 0B-6B 01-00 00-08 00-00 00-00 00-00 00-00 60-C9 D4-0A 02-00 00-00 F0-FF FF-FF FF-FF FF-00 00-CE A9-0A 02-00 00-00 48-92 D4-0A 02-00 00-00 60-C0 A9-0A 02-00 00-00 00-00 00-00 00-00 00-00&gt;" file="/Users/rmac/Documents/GitHub/metabuilder-small/dbal/production/tests/unit/prisma_gen_test.cpp" line="242" status="run" result="completed" time="0." timestamp="2026-03-06T17:34:45.016" classname="AllRelationVariants/PrismaRelationTest" />
    <testcase name="GenerateRelation_ProducesNonEmptyOutput/2" value_param="80-byte object &lt;68-61 73-2D 6F-6E 65-00 90-66 0B-6B 01-00 00-00 10-8B 00-D8 0C-00 00-07 00-19 2A-08 01-00 00-00 D8-66 0B-6B 01-00 00-00 00-00 00-00 00-00 00-00 00-66 0B-6B 01-00 00-00 F0-FF FF-FF FF-FF FF-FF 60-CE A9-0A 02-00 00-00 00-00 00-00 00-00 00-00&gt;" file="/Users/rmac/Documents/GitHub/metabuilder-small/dbal/production/tests/unit/prisma_gen_test.cpp" line="242" status="run" result="completed" time="0." timestamp="2026-03-06T17:34:45.016" classname="AllRelationVariants/PrismaRelationTest" />
    <testcase name="GenerateRelation_ProducesNonEmptyOutput/3" value_param="80-byte object &lt;6D-61 6E-79 2D-74 6F-2D 6D-61 6E-79 00-0C 00-00 08-80 03-FB 07-00 00-0C 00-92 D4-0A 02-00 00-00 C0-89 00-D8 0C-00 00-00 08-80 03-FB 07-00 00-00 00-68 0B-6B 01-00 00-00 70-66 0B-6B 01-00 00-00 10-8B 00-D8 0C-00 00-00 00-00 00-00 00-00 00-00&gt;" file="/Users/rmac/Documents/GitHub/metabuilder-small/dbal/production/tests/unit/prisma_gen_test.cpp" line="242" status="run" result="completed" time="0." timestamp="2026-03-06T17:34:45.016" classname="AllRelationVariants/PrismaRelationTest" />
    <testcase name="GenerateRelation_ProducesNonEmptyOutput/4" value_param="80-byte object &lt;70-6F 6C-79 6D-6F 72-70 68-69 63-00 01-00 00-00 6C-33 D8-04 01-00 00-0B 00-00 00-00 02-00 00-00 02-00 00-00 00-00 00-00 B8-67 0B-6B 01-00 00-00 00-00 00-00 00-00 00-00 01-00 00-00 00-00 00-00 60-C9 D4-0A 02-00 00-00 00-00 00-00 00-00 00-00&gt;" file="/Users/rmac/Documents/GitHub/metabuilder-small/dbal/production/tests/unit/prisma_gen_test.cpp" line="242" status="run" result="completed" time="0." timestamp="2026-03-06T17:34:45.016" classname="AllRelationVariants/PrismaRelationTest" />
    <testcase name="GenerateRelation_ProducesNonEmptyOutput/5" value_param="80-byte object &lt;68-61 73-2D 6D-61 6E-79 00-C9 D4-0A 02-00 00-00 20-71 0B-6B 01-00 00-08 63-61 73-63 61-64 65-00 60-C9 D4-0A 02-00 00-00 01-00 00-00 00-00 00-07 00-C9 D4-0A 02-00 00-00 F0-FF FF-FF FF-FF FF-FF 60-CE A9-0A 02-00 00-00 00-00 00-00 00-00 00-00&gt;" file="/Users/rmac/Documents/GitHub/metabuilder-small/dbal/production/tests/unit/prisma_gen_test.cpp" line="242" status="run" result="completed" time="0." timestamp="2026-03-06T17:34:45.016" classname="AllRelationVariants/PrismaRelationTest" />
    <testcase name="GenerateRelation_ProducesNonEmptyOutput/6" value_param="80-byte object &lt;62-65 6C-6F 6E-67 73-2D 74-6F 00-6B 01-00 00-00 30-00 00-00 00-00 00-0A 73-65 74-5F 6E-75 6C-6C 00-1F A1-9E 01-00 00-00 70-C9 D4-0A 02-00 00-08 65-64 69-74 6F-72 49-64 00-00 00-00 00-00 00-00 01-00 00-00 00-00 00-08 01-00 00-00 00-00 00-00&gt;" file="/Users/rmac/Documents/GitHub/metabuilder-small/dbal/production/tests/unit/prisma_gen_test.cpp" line="242" status="run" result="completed" time="0." timestamp="2026-03-06T17:34:45.016" classname="AllRelationVariants/PrismaRelationTest" />
    <testcase name="GenerateRelation_ProducesNonEmptyOutput/7" value_param="80-byte object &lt;62-65 6C-6F 6E-67 73-2D 74-6F 00-D8 0C-00 00-00 60-00 02-D8 0C-00 00-0A 72-65 73-74 72-69 63-74 00-00 00-00 00-00 00-00 B0-69 0B-6B 01-00 00-08 00-00 00-00 00-00 00-00 BF-00 02-D8 0C-00 00-00 60-00 02-D8 0C-00 00-00 00-00 00-00 00-00 00-00&gt;" file="/Users/rmac/Documents/GitHub/metabuilder-small/dbal/production/tests/unit/prisma_gen_test.cpp" line="242" status="run" result="completed" time="0." timestamp="2026-03-06T17:34:45.016" classname="AllRelationVariants/PrismaRelationTest" />
    <testcase name="GenerateRelation_ProducesNonEmptyOutput/8" value_param="80-byte object &lt;62-65 6C-6F 6E-67 73-2D 74-6F 00-00 00-00 00-00 00-00 00-00 00-00 00-0A 6E-6F 5F-61 63-74 69-6F 6E-00 0B-6B 01-00 00-00 10-65 0B-6B 01-00 00-09 00-85 9F-9E 01-00 00-00 00-00 00-00 00-00 38-30 00-00 00-00 00-00 00-00 00-00 00-00 00-00 00-00&gt;" file="/Users/rmac/Documents/GitHub/metabuilder-small/dbal/production/tests/unit/prisma_gen_test.cpp" line="242" status="run" result="completed" time="0." timestamp="2026-03-06T17:34:45.016" classname="AllRelationVariants/PrismaRelationTest" />
  </testsuite>
  <testsuite name="AllOps/ConditionToSqlTest" tests="13" failures="0" disabled="0" skipped="0" errors="0" time="0." timestamp="2026-03-06T17:34:45.016">
    <testcase name="ProducesExpectedFragment/0" value_param="80-byte object &lt;00-00 00-00 00-00 00-00 3D-20 3F-00 02-00 00-00 48-92 D4-0A 02-00 00-00 60-C0 A9-0A 02-00 00-03 00-00 00-00 00-00 00-00 00-00 00-00 00-00 00-00 00-00 00-00 00-00 00-00 78-00 00-00 00-00 00-00 78-67 0B-6B 01-00 00-00 00-00 00-00 00-00 00-01&gt;" file="/Users/rmac/Documents/GitHub/metabuilder-small/dbal/production/tests/unit/sqlite_utils_test.cpp" line="581" status="run" result="completed" time="0." timestamp="2026-03-06T17:34:45.016" classname="AllOps/ConditionToSqlTest" />
    <testcase name="ProducesExpectedFragment/1" value_param="80-byte object &lt;01-00 00-00 00-00 00-00 21-3D 20-3F 00-B2 3E-5B 01-00 00-00 00-00 00-00 01-00 00-00 00-00 00-04 00-00 00-00 00-00 00-00 00-00 00-00 00-00 00-00 00-00 00-00 00-00 00-00 78-00 0B-6B 01-00 00-00 01-00 00-00 00-00 00-00 60-C9 D4-0A 02-00 00-01&gt;" file="/Users/rmac/Documents/GitHub/metabuilder-small/dbal/production/tests/unit/sqlite_utils_test.cpp" line="581" status="run" result="completed" time="0." timestamp="2026-03-06T17:34:45.016" classname="AllOps/ConditionToSqlTest" />
    <testcase name="ProducesExpectedFragment/2" value_param="80-byte object &lt;02-00 00-00 00-00 00-00 3C-20 3F-00 00-00 00-00 BF-15 03-D8 0C-00 00-00 00-15 03-D8 0C-00 00-03 00-00 00-00 00-00 00-00 00-00 00-00 00-00 00-00 00-00 00-00 00-00 00-00 78-00 00-00 00-00 00-00 50-65 0B-6B 01-00 00-00 B8-1F A1-9E 01-00 00-01&gt;" file="/Users/rmac/Documents/GitHub/metabuilder-small/dbal/production/tests/unit/sqlite_utils_test.cpp" line="581" status="run" result="completed" time="0." timestamp="2026-03-06T17:34:45.016" classname="AllOps/ConditionToSqlTest" />
    <testcase name="ProducesExpectedFragment/3" value_param="80-byte object &lt;03-00 00-00 00-00 00-00 3C-3D 20-3F 00-00 00-00 00-00 00-00 00-00 33-30 00-00 00-00 00-00 00-04 00-00 00-00 00-00 00-00 00-00 00-00 00-00 00-00 00-00 00-00 00-00 00-00 78-00 03-D8 0C-00 00-00 00-15 03-D8 0C-00 00-00 BF-00 00-00 00-00 00-01&gt;" file="/Users/rmac/Documents/GitHub/metabuilder-small/dbal/production/tests/unit/sqlite_utils_test.cpp" line="581" status="run" result="completed" time="0." timestamp="2026-03-06T17:34:45.016" classname="AllOps/ConditionToSqlTest" />
    <testcase name="ProducesExpectedFragment/4" value_param="80-byte object &lt;04-00 00-00 00-00 00-00 3E-20 3F-00 0C-00 00-00 80-01 00-00 00-00 00-00 BF-00 00-00 00-00 00-03 00-00 00-00 00-00 00-00 00-00 00-00 00-00 00-00 00-00 00-00 00-00 00-00 78-00 00-00 00-00 00-00 BF-00 00-00 00-00 00-00 70-69 0B-6B 01-00 00-01&gt;" file="/Users/rmac/Documents/GitHub/metabuilder-small/dbal/production/tests/unit/sqlite_utils_test.cpp" line="581" status="run" result="completed" time="0." timestamp="2026-03-06T17:34:45.016" classname="AllOps/ConditionToSqlTest" />
    <testcase name="ProducesExpectedFragment/5" value_param="80-byte object &lt;05-00 00-00 00-00 00-00 3E-3D 20-3F 00-00 00-00 00-00 00-00 01-00 00-00 D8-8A 67-07 01-00 00-04 00-00 00-00 00-00 00-00 00-00 00-00 00-00 00-00 00-00 00-00 00-00 00-00 78-00 00-00 00-00 00-00 BF-00 00-00 00-00 00-00 00-15 03-D8 0C-00 00-01&gt;" file="/Users/rmac/Documents/GitHub/metabuilder-small/dbal/production/tests/unit/sqlite_utils_test.cpp" line="581" status="run" result="completed" time="0." timestamp="2026-03-06T17:34:45.016" classname="AllOps/ConditionToSqlTest" />
    <testcase name="ProducesExpectedFragment/6" value_param="80-byte object &lt;06-00 00-00 00-00 00-00 4C-49 4B-45 20-3F 00-00 00-00 00-00 00-00 00-00 00-00 00-00 00-00 00-06 00-00 00-00 00-00 00-00 00-00 00-00 00-00 00-00 00-00 00-00 00-00 00-00 78-00 61-07 01-00 00-00 40-64 0B-6B 01-00 00-00 58-67 0B-6B 01-00 00-01&gt;" file="/Users/rmac/Documents/GitHub/metabuilder-small/dbal/production/tests/unit/sqlite_utils_test.cpp" line="581" status="run" result="completed" time="0." timestamp="2026-03-06T17:34:45.016" classname="AllOps/ConditionToSqlTest" />
    <testcase name="ProducesExpectedFragment/7" value_param="80-byte object &lt;07-00 00-00 00-00 00-00 4C-4F 57-45 52-00 00-00 00-00 00-00 00-00 00-00 00-00 00-00 00-00 00-05 00-00 00-00 00-00 00-00 00-00 00-00 00-00 00-00 00-00 00-00 00-00 00-00 78-00 00-00 00-00 00-00 00-00 00-00 00-00 00-00 00-00 00-00 00-00 00-01&gt;" file="/Users/rmac/Documents/GitHub/metabuilder-small/dbal/production/tests/unit/sqlite_utils_test.cpp" line="581" status="run" result="completed" time="0." timestamp="2026-03-06T17:34:45.016" classname="AllOps/ConditionToSqlTest" />
    <testcase name="ProducesExpectedFragment/8" value_param="80-byte object &lt;0A-00 00-00 00-00 00-00 49-53 20-4E 55-4C 4C-00 01-00 00-00 00-00 00-00 00-00 00-00 00-00 00-07 00-00 00-00 00-00 00-00 00-00 00-00 00-00 00-00 00-00 00-00 00-00 00-00 00-00 00-00 00-00 00-00 00-00 00-00 00-00 00-00 00-00 00-00 00-00 00-00&gt;" file="/Users/rmac/Documents/GitHub/metabuilder-small/dbal/production/tests/unit/sqlite_utils_test.cpp" line="581" status="run" result="completed" time="0." timestamp="2026-03-06T17:34:45.016" classname="AllOps/ConditionToSqlTest" />
    <testcase name="ProducesExpectedFragment/9" value_param="80-byte object &lt;0B-00 00-00 00-00 00-00 49-53 20-4E 4F-54 20-4E 55-4C 4C-00 01-00 00-00 50-67 0B-6B 01-00 00-0B 00-00 00-00 00-00 00-00 00-00 00-00 00-00 00-00 00-00 00-00 00-00 00-00 00-62 0B-6B 01-00 00-00 00-00 00-00 00-00 00-00 38-7A 9D-9E 01-00 00-00&gt;" file="/Users/rmac/Documents/GitHub/metabuilder-small/dbal/production/tests/unit/sqlite_utils_test.cpp" line="581" status="run" result="completed" time="0." timestamp="2026-03-06T17:34:45.016" classname="AllOps/ConditionToSqlTest" />
    <testcase name="ProducesExpectedFragment/10" value_param="80-byte object &lt;08-00 00-00 00-00 00-00 49-4E 00-00 00-00 00-00 01-00 00-00 00-00 00-00 00-00 00-00 00-00 00-02 60-40 01-FB 07-00 00-00 90-40 01-FB 07-00 00-00 90-40 01-FB 07-00 00-00 00-FF FF-FF FF-FF FF-FF 87-64 0B-6B 01-00 00-00 00-00 00-00 00-00 00-00&gt;" file="/Users/rmac/Documents/GitHub/metabuilder-small/dbal/production/tests/unit/sqlite_utils_test.cpp" line="581" status="run" result="completed" time="0." timestamp="2026-03-06T17:34:45.016" classname="AllOps/ConditionToSqlTest" />
    <testcase name="ProducesExpectedFragment/11" value_param="80-byte object &lt;09-00 00-00 00-00 00-00 4E-4F 54-20 49-4E 00-00 2E-3F 76-05 01-00 00-00 00-00 00-00 00-00 00-06 60-40 01-FB 07-00 00-00 90-40 01-FB 07-00 00-00 90-40 01-FB 07-00 00-00 00-00 00-00 00-00 00-00 88-64 0B-6B 01-00 00-00 18-7A 9D-9E 01-00 00-00&gt;" file="/Users/rmac/Documents/GitHub/metabuilder-small/dbal/production/tests/unit/sqlite_utils_test.cpp" line="581" status="run" result="completed" time="0." timestamp="2026-03-06T17:34:45.016" classname="AllOps/ConditionToSqlTest" />
    <testcase name="ProducesExpectedFragment/12" value_param="80-byte object &lt;0C-00 00-00 00-00 00-00 42-45 54-57 45-45 4E-00 38-7A 9D-9E 01-00 00-00 0A-00 00-00 00-00 00-07 00-00 00-00 00-00 00-00 00-00 00-00 00-00 00-00 00-00 00-00 00-00 00-00 78-00 00-00 00-00 00-00 02-00 00-00 00-00 00-00 02-00 00-00 00-00 00-01&gt;" file="/Users/rmac/Documents/GitHub/metabuilder-small/dbal/production/tests/unit/sqlite_utils_test.cpp" line="581" status="run" result="completed" time="0." timestamp="2026-03-06T17:34:45.016" classname="AllOps/ConditionToSqlTest" />
  </testsuite>
  <testsuite name="SavepointNames/SavepointNameTest" tests="4" failures="0" disabled="0" skipped="0" errors="0" time="0." timestamp="2026-03-06T17:34:45.016">
    <testcase name="Savepoint_Create_And_Release/0" value_param="24-byte object &lt;73-70 31-00 01-00 00-00 88-6A 0B-6B 01-00 00-00 88-24 2A-08 01-00 00-03&gt;" file="/Users/rmac/Documents/GitHub/metabuilder-small/dbal/production/tests/unit/sqlite_adapter_internals_test.cpp" line="276" status="run" result="completed" time="0." timestamp="2026-03-06T17:34:45.016" classname="SavepointNames/SavepointNameTest" />
    <testcase name="Savepoint_Create_And_Release/1" value_param="24-byte object &lt;6D-79 5F-73 61-76 65-70 6F-69 6E-74 00-00 00-00 88-6A 0B-6B 01-00 00-0C&gt;" file="/Users/rmac/Documents/GitHub/metabuilder-small/dbal/production/tests/unit/sqlite_adapter_internals_test.cpp" line="276" status="run" result="completed" time="0." timestamp="2026-03-06T17:34:45.017" classname="SavepointNames/SavepointNameTest" />
    <testcase name="Savepoint_Create_And_Release/2" value_param="24-byte object &lt;6E-65 73-74 65-64 5F-74 78-00 02-FB 07-00 00-00 50-4A C0-FA 07-00 00-09&gt;" file="/Users/rmac/Documents/GitHub/metabuilder-small/dbal/production/tests/unit/sqlite_adapter_internals_test.cpp" line="276" status="run" result="completed" time="0." timestamp="2026-03-06T17:34:45.017" classname="SavepointNames/SavepointNameTest" />
    <testcase name="Savepoint_Create_And_Release/3" value_param="24-byte object &lt;73-70 5F-77 69-74 68-5F 75-6E 64-65 72-73 63-6F 72-65 73-00 01-00 00-13&gt;" file="/Users/rmac/Documents/GitHub/metabuilder-small/dbal/production/tests/unit/sqlite_adapter_internals_test.cpp" line="276" status="run" result="completed" time="0." timestamp="2026-03-06T17:34:45.017" classname="SavepointNames/SavepointNameTest" />
  </testsuite>
  <testsuite name="CommitOrRollback/TxLifecycleTest" tests="2" failures="0" disabled="0" skipped="0" errors="0" time="0." timestamp="2026-03-06T17:34:45.017">
    <testcase name="AfterEndingAction_IsNotActive/0" value_param="1-byte object &lt;01&gt;" file="/Users/rmac/Documents/GitHub/metabuilder-small/dbal/production/tests/unit/sql_adapter_utils_test.cpp" line="117" status="run" result="completed" time="0." timestamp="2026-03-06T17:34:45.017" classname="CommitOrRollback/TxLifecycleTest" />
    <testcase name="AfterEndingAction_IsNotActive/1" value_param="1-byte object &lt;00&gt;" file="/Users/rmac/Documents/GitHub/metabuilder-small/dbal/production/tests/unit/sql_adapter_utils_test.cpp" line="117" status="run" result="completed" time="0." timestamp="2026-03-06T17:34:45.017" classname="CommitOrRollback/TxLifecycleTest" />
  </testsuite>
</testsuites>
