<?xml version="1.0" encoding="UTF-8"?>
<testsuites tests="59" failures="0" disabled="0" errors="0" time="0.005" timestamp="2026-03-06T08:05:06.083" name="AllTests">
  <testsuite name="SqlWhereBuilder" tests="23" failures="0" disabled="0" skipped="0" errors="0" time="0." timestamp="2026-03-06T08:05:06.083">
    <testcase name="EqProducesEqualsClause" file="/Users/rmac/Documents/GitHub/metabuilder-small/dbal/production/tests/unit/sql_where_builder_test.cpp" line="27" status="run" result="completed" time="0." timestamp="2026-03-06T08:05:06.083" classname="SqlWhereBuilder" />
    <testcase name="NeProducesNotEqualsClause" file="/Users/rmac/Documents/GitHub/metabuilder-small/dbal/production/tests/unit/sql_where_builder_test.cpp" line="35" status="run" result="completed" time="0." timestamp="2026-03-06T08:05:06.083" classname="SqlWhereBuilder" />
    <testcase name="LtProducesLessThan" file="/Users/rmac/Documents/GitHub/metabuilder-small/dbal/production/tests/unit/sql_where_builder_test.cpp" line="41" status="run" result="completed" time="0." timestamp="2026-03-06T08:05:06.083" classname="SqlWhereBuilder" />
    <testcase name="GtProducesGreaterThan" file="/Users/rmac/Documents/GitHub/metabuilder-small/dbal/production/tests/unit/sql_where_builder_test.cpp" line="47" status="run" result="completed" time="0." timestamp="2026-03-06T08:05:06.083" classname="SqlWhereBuilder" />
    <testcase name="LikeProducesLikeClause" file="/Users/rmac/Documents/GitHub/metabuilder-small/dbal/production/tests/unit/sql_where_builder_test.cpp" line="53" status="run" result="completed" time="0." timestamp="2026-03-06T08:05:06.083" classname="SqlWhereBuilder" />
    <testcase name="ILikePostgresUsesILIKE" file="/Users/rmac/Documents/GitHub/metabuilder-small/dbal/production/tests/unit/sql_where_builder_test.cpp" line="60" status="run" result="completed" time="0." timestamp="2026-03-06T08:05:06.083" classname="SqlWhereBuilder" />
    <testcase name="ILikeSqliteUsesLowerLike" file="/Users/rmac/Documents/GitHub/metabuilder-small/dbal/production/tests/unit/sql_where_builder_test.cpp" line="66" status="run" result="completed" time="0." timestamp="2026-03-06T08:05:06.083" classname="SqlWhereBuilder" />
    <testcase name="IsNullProducesIsNull" file="/Users/rmac/Documents/GitHub/metabuilder-small/dbal/production/tests/unit/sql_where_builder_test.cpp" line="73" status="run" result="completed" time="0." timestamp="2026-03-06T08:05:06.083" classname="SqlWhereBuilder" />
    <testcase name="IsNotNullProducesIsNotNull" file="/Users/rmac/Documents/GitHub/metabuilder-small/dbal/production/tests/unit/sql_where_builder_test.cpp" line="80" status="run" result="completed" time="0." timestamp="2026-03-06T08:05:06.083" classname="SqlWhereBuilder" />
    <testcase name="InProducesInClause" file="/Users/rmac/Documents/GitHub/metabuilder-small/dbal/production/tests/unit/sql_where_builder_test.cpp" line="86" status="run" result="completed" time="0." timestamp="2026-03-06T08:05:06.083" classname="SqlWhereBuilder" />
    <testcase name="BetweenProducesBetweenClause" file="/Users/rmac/Documents/GitHub/metabuilder-small/dbal/production/tests/unit/sql_where_builder_test.cpp" line="101" status="run" result="completed" time="0." timestamp="2026-03-06T08:05:06.083" classname="SqlWhereBuilder" />
    <testcase name="MultipleConditionsAreAndJoined" file="/Users/rmac/Documents/GitHub/metabuilder-small/dbal/production/tests/unit/sql_where_builder_test.cpp" line="114" status="run" result="completed" time="0." timestamp="2026-03-06T08:05:06.083" classname="SqlWhereBuilder" />
    <testcase name="OrGroupIsParenthesised" file="/Users/rmac/Documents/GitHub/metabuilder-small/dbal/production/tests/unit/sql_where_builder_test.cpp" line="128" status="run" result="completed" time="0." timestamp="2026-03-06T08:05:06.083" classname="SqlWhereBuilder" />
    <testcase name="LegacyFilterProducesEquality" file="/Users/rmac/Documents/GitHub/metabuilder-small/dbal/production/tests/unit/sql_where_builder_test.cpp" line="144" status="run" result="completed" time="0." timestamp="2026-03-06T08:05:06.083" classname="SqlWhereBuilder" />
    <testcase name="OrderByWithValidField" file="/Users/rmac/Documents/GitHub/metabuilder-small/dbal/production/tests/unit/sql_where_builder_test.cpp" line="156" status="run" result="completed" time="0." timestamp="2026-03-06T08:05:06.083" classname="SqlWhereBuilder" />
    <testcase name="OrderByDefaultWhenEmpty" file="/Users/rmac/Documents/GitHub/metabuilder-small/dbal/production/tests/unit/sql_where_builder_test.cpp" line="162" status="run" result="completed" time="0." timestamp="2026-03-06T08:05:06.083" classname="SqlWhereBuilder" />
    <testcase name="OrderByAscDirection" file="/Users/rmac/Documents/GitHub/metabuilder-small/dbal/production/tests/unit/sql_where_builder_test.cpp" line="168" status="run" result="completed" time="0." timestamp="2026-03-06T08:05:06.083" classname="SqlWhereBuilder" />
    <testcase name="GroupByWithValidField" file="/Users/rmac/Documents/GitHub/metabuilder-small/dbal/production/tests/unit/sql_where_builder_test.cpp" line="176" status="run" result="completed" time="0." timestamp="2026-03-06T08:05:06.083" classname="SqlWhereBuilder" />
    <testcase name="CountAggregateProducesCountStar" file="/Users/rmac/Documents/GitHub/metabuilder-small/dbal/production/tests/unit/sql_where_builder_test.cpp" line="183" status="run" result="completed" time="0." timestamp="2026-03-06T08:05:06.083" classname="SqlWhereBuilder" />
    <testcase name="AggregateWithGroupByIncludesGroupByField" file="/Users/rmac/Documents/GitHub/metabuilder-small/dbal/production/tests/unit/sql_where_builder_test.cpp" line="190" status="run" result="completed" time="0." timestamp="2026-03-06T08:05:06.083" classname="SqlWhereBuilder" />
    <testcase name="MySqlUsesQuestionMarkPlaceholder" file="/Users/rmac/Documents/GitHub/metabuilder-small/dbal/production/tests/unit/sql_where_builder_test.cpp" line="198" status="run" result="completed" time="0." timestamp="2026-03-06T08:05:06.083" classname="SqlWhereBuilder" />
    <testcase name="MySqlUsesBacktickQuoting" file="/Users/rmac/Documents/GitHub/metabuilder-small/dbal/production/tests/unit/sql_where_builder_test.cpp" line="205" status="run" result="completed" time="0." timestamp="2026-03-06T08:05:06.083" classname="SqlWhereBuilder" />
    <testcase name="EmptyInputProducesEmptyString" file="/Users/rmac/Documents/GitHub/metabuilder-small/dbal/production/tests/unit/sql_where_builder_test.cpp" line="213" status="run" result="completed" time="0." timestamp="2026-03-06T08:05:06.083" classname="SqlWhereBuilder" />
  </testsuite>
  <testsuite name="SqlInjectionTest" tests="17" failures="0" disabled="0" skipped="0" errors="0" time="0." timestamp="2026-03-06T08:05:06.083">
    <testcase name="RejectsDropTableInFieldName" file="/Users/rmac/Documents/GitHub/metabuilder-small/dbal/production/tests/security/sql_injection_test.cpp" line="29" status="run" result="completed" time="0." timestamp="2026-03-06T08:05:06.083" classname="SqlInjectionTest" />
    <testcase name="RejectsOrTautologyInFieldName" file="/Users/rmac/Documents/GitHub/metabuilder-small/dbal/production/tests/security/sql_injection_test.cpp" line="39" status="run" result="completed" time="0." timestamp="2026-03-06T08:05:06.083" classname="SqlInjectionTest" />
    <testcase name="RejectsUnionSelectInFieldName" file="/Users/rmac/Documents/GitHub/metabuilder-small/dbal/production/tests/security/sql_injection_test.cpp" line="50" status="run" result="completed" time="0." timestamp="2026-03-06T08:05:06.083" classname="SqlInjectionTest" />
    <testcase name="RejectsFieldNameWithSemicolon" file="/Users/rmac/Documents/GitHub/metabuilder-small/dbal/production/tests/security/sql_injection_test.cpp" line="60" status="run" result="completed" time="0." timestamp="2026-03-06T08:05:06.083" classname="SqlInjectionTest" />
    <testcase name="RejectsEmptyFieldName" file="/Users/rmac/Documents/GitHub/metabuilder-small/dbal/production/tests/security/sql_injection_test.cpp" line="70" status="run" result="completed" time="0." timestamp="2026-03-06T08:05:06.083" classname="SqlInjectionTest" />
    <testcase name="RejectsUnknownField" file="/Users/rmac/Documents/GitHub/metabuilder-small/dbal/production/tests/security/sql_injection_test.cpp" line="80" status="run" result="completed" time="0." timestamp="2026-03-06T08:05:06.083" classname="SqlInjectionTest" />
    <testcase name="RejectsDropTableInSortField" file="/Users/rmac/Documents/GitHub/metabuilder-small/dbal/production/tests/security/sql_injection_test.cpp" line="92" status="run" result="completed" time="0." timestamp="2026-03-06T08:05:06.083" classname="SqlInjectionTest" />
    <testcase name="RejectsUnknownSortField" file="/Users/rmac/Documents/GitHub/metabuilder-small/dbal/production/tests/security/sql_injection_test.cpp" line="100" status="run" result="completed" time="0." timestamp="2026-03-06T08:05:06.083" classname="SqlInjectionTest" />
    <testcase name="RejectsInjectionInOrGroupField" file="/Users/rmac/Documents/GitHub/metabuilder-small/dbal/production/tests/security/sql_injection_test.cpp" line="110" status="run" result="completed" time="0." timestamp="2026-03-06T08:05:06.083" classname="SqlInjectionTest" />
    <testcase name="RejectsInjectionInAggregateField" file="/Users/rmac/Documents/GitHub/metabuilder-small/dbal/production/tests/security/sql_injection_test.cpp" line="123" status="run" result="completed" time="0." timestamp="2026-03-06T08:05:06.083" classname="SqlInjectionTest" />
    <testcase name="RejectsInjectionInGroupByField" file="/Users/rmac/Documents/GitHub/metabuilder-small/dbal/production/tests/security/sql_injection_test.cpp" line="131" status="run" result="completed" time="0." timestamp="2026-03-06T08:05:06.083" classname="SqlInjectionTest" />
    <testcase name="ValueWithSqlInjectionIsBoundSafely" file="/Users/rmac/Documents/GitHub/metabuilder-small/dbal/production/tests/security/sql_injection_test.cpp" line="140" status="run" result="completed" time="0." timestamp="2026-03-06T08:05:06.083" classname="SqlInjectionTest" />
    <testcase name="LikeValueWithWildcardIsBoundSafely" file="/Users/rmac/Documents/GitHub/metabuilder-small/dbal/production/tests/security/sql_injection_test.cpp" line="157" status="run" result="completed" time="0." timestamp="2026-03-06T08:05:06.083" classname="SqlInjectionTest" />
    <testcase name="ValidFieldNamesPass" file="/Users/rmac/Documents/GitHub/metabuilder-small/dbal/production/tests/security/sql_injection_test.cpp" line="171" status="run" result="completed" time="0." timestamp="2026-03-06T08:05:06.083" classname="SqlInjectionTest" />
    <testcase name="LegacyFilterFieldValidated" file="/Users/rmac/Documents/GitHub/metabuilder-small/dbal/production/tests/security/sql_injection_test.cpp" line="186" status="run" result="completed" time="0." timestamp="2026-03-06T08:05:06.083" classname="SqlInjectionTest" />
    <testcase name="PostgresQuotesWithDoubleQuotes" file="/Users/rmac/Documents/GitHub/metabuilder-small/dbal/production/tests/security/sql_injection_test.cpp" line="201" status="run" result="completed" time="0." timestamp="2026-03-06T08:05:06.083" classname="SqlInjectionTest" />
    <testcase name="MySqlQuotesWithBackticks" file="/Users/rmac/Documents/GitHub/metabuilder-small/dbal/production/tests/security/sql_injection_test.cpp" line="206" status="run" result="completed" time="0." timestamp="2026-03-06T08:05:06.083" classname="SqlInjectionTest" />
  </testsuite>
  <testsuite name="QueryProceduresTest" tests="6" failures="0" disabled="0" skipped="0" errors="0" time="0." timestamp="2026-03-06T08:05:06.083">
    <testcase name="ParsesSnippetStatsDefinition" file="/Users/rmac/Documents/GitHub/metabuilder-small/dbal/production/tests/unit/query_procedures_test.cpp" line="43" status="run" result="completed" time="0." timestamp="2026-03-06T08:05:06.083" classname="QueryProceduresTest" />
    <testcase name="MissingRequiredParamFails" file="/Users/rmac/Documents/GitHub/metabuilder-small/dbal/production/tests/unit/query_procedures_test.cpp" line="66" status="run" result="completed" time="0." timestamp="2026-03-06T08:05:06.083" classname="QueryProceduresTest" />
    <testcase name="PresentRequiredParamPasses" file="/Users/rmac/Documents/GitHub/metabuilder-small/dbal/production/tests/unit/query_procedures_test.cpp" line="76" status="run" result="completed" time="0." timestamp="2026-03-06T08:05:06.083" classname="QueryProceduresTest" />
    <testcase name="OptionalParamAbsencePasses" file="/Users/rmac/Documents/GitHub/metabuilder-small/dbal/production/tests/unit/query_procedures_test.cpp" line="85" status="run" result="completed" time="0." timestamp="2026-03-06T08:05:06.083" classname="QueryProceduresTest" />
    <testcase name="NoProcedureParamsSectionPasses" file="/Users/rmac/Documents/GitHub/metabuilder-small/dbal/production/tests/unit/query_procedures_test.cpp" line="94" status="run" result="completed" time="0." timestamp="2026-03-06T08:05:06.083" classname="QueryProceduresTest" />
    <testcase name="MultipleRequiredParamsFirstMissingFails" file="/Users/rmac/Documents/GitHub/metabuilder-small/dbal/production/tests/unit/query_procedures_test.cpp" line="101" status="run" result="completed" time="0." timestamp="2026-03-06T08:05:06.083" classname="QueryProceduresTest" />
  </testsuite>
  <testsuite name="QueryProcedureFileTest" tests="3" failures="0" disabled="0" skipped="0" errors="0" time="0.001" timestamp="2026-03-06T08:05:06.083">
    <testcase name="LoadsValidProcedureFromFile" file="/Users/rmac/Documents/GitHub/metabuilder-small/dbal/production/tests/unit/query_procedures_test.cpp" line="135" status="run" result="completed" time="0." timestamp="2026-03-06T08:05:06.083" classname="QueryProcedureFileTest" />
    <testcase name="SkipsNonJsonFiles" file="/Users/rmac/Documents/GitHub/metabuilder-small/dbal/production/tests/unit/query_procedures_test.cpp" line="157" status="run" result="completed" time="0." timestamp="2026-03-06T08:05:06.084" classname="QueryProcedureFileTest" />
    <testcase name="UnknownProcedureIsNotFound" file="/Users/rmac/Documents/GitHub/metabuilder-small/dbal/production/tests/unit/query_procedures_test.cpp" line="176" status="run" result="completed" time="0." timestamp="2026-03-06T08:05:06.084" classname="QueryProcedureFileTest" />
  </testsuite>
  <testsuite name="SchemaLoaderTest" tests="10" failures="0" disabled="0" skipped="0" errors="0" time="0.003" timestamp="2026-03-06T08:05:06.085">
    <testcase name="LoadsEntityName" file="/Users/rmac/Documents/GitHub/metabuilder-small/dbal/production/tests/unit/schema_loader_test.cpp" line="39" status="run" result="completed" time="0." timestamp="2026-03-06T08:05:06.085" classname="SchemaLoaderTest" />
    <testcase name="LoadsRequiredField" file="/Users/rmac/Documents/GitHub/metabuilder-small/dbal/production/tests/unit/schema_loader_test.cpp" line="49" status="run" result="completed" time="0." timestamp="2026-03-06T08:05:06.085" classname="SchemaLoaderTest" />
    <testcase name="SkipsRelationshipTypeFields" file="/Users/rmac/Documents/GitHub/metabuilder-small/dbal/production/tests/unit/schema_loader_test.cpp" line="71" status="run" result="completed" time="0." timestamp="2026-03-06T08:05:06.085" classname="SchemaLoaderTest" />
    <testcase name="ParsesRelationsSection" file="/Users/rmac/Documents/GitHub/metabuilder-small/dbal/production/tests/unit/schema_loader_test.cpp" line="86" status="run" result="completed" time="0." timestamp="2026-03-06T08:05:06.086" classname="SchemaLoaderTest" />
    <testcase name="SkipsRelationWithMissingEntity" file="/Users/rmac/Documents/GitHub/metabuilder-small/dbal/production/tests/unit/schema_loader_test.cpp" line="109" status="run" result="completed" time="0." timestamp="2026-03-06T08:05:06.086" classname="SchemaLoaderTest" />
    <testcase name="ParsesQueryConfig" file="/Users/rmac/Documents/GitHub/metabuilder-small/dbal/production/tests/unit/schema_loader_test.cpp" line="124" status="run" result="completed" time="0." timestamp="2026-03-06T08:05:06.087" classname="SchemaLoaderTest" />
    <testcase name="MissingQuerySectionUsesDefaults" file="/Users/rmac/Documents/GitHub/metabuilder-small/dbal/production/tests/unit/schema_loader_test.cpp" line="146" status="run" result="completed" time="0." timestamp="2026-03-06T08:05:06.087" classname="SchemaLoaderTest" />
    <testcase name="ParsesCompositeUniqueIndex" file="/Users/rmac/Documents/GitHub/metabuilder-small/dbal/production/tests/unit/schema_loader_test.cpp" line="157" status="run" result="completed" time="0." timestamp="2026-03-06T08:05:06.087" classname="SchemaLoaderTest" />
    <testcase name="LoadsMultipleEntitiesFromDirectory" file="/Users/rmac/Documents/GitHub/metabuilder-small/dbal/production/tests/unit/schema_loader_test.cpp" line="174" status="run" result="completed" time="0." timestamp="2026-03-06T08:05:06.088" classname="SchemaLoaderTest" />
    <testcase name="SkipsEntitiesJsonIndex" file="/Users/rmac/Documents/GitHub/metabuilder-small/dbal/production/tests/unit/schema_loader_test.cpp" line="187" status="run" result="completed" time="0." timestamp="2026-03-06T08:05:06.088" classname="SchemaLoaderTest" />
  </testsuite>
</testsuites>
